2024-09-30 13:40:57,752 [INFO] Activator:177 - 


2024-09-30 13:40:57,755 [INFO] Activator:178 - !SESSION log4j initialized
2024-09-30 13:41:03,958 [INFO] McuFinderGlobals:44 - Set McuFinder mode to 2 (CubeIDE integrated)
2024-09-30 13:41:07,806 [INFO] ApplicationProperties:181 - Using Application install path: D:\BKRA\KEIL C test\STM32CubeIDE_1.10.1\STM32CubeIDE\plugins\com.st.stm32cube.common.mx_6.6.1.202207061420
2024-09-30 13:41:07,848 [INFO] DbMcusXml:77 - Set database path to: D:\BKRA\KEIL C test\STM32CubeIDE_1.10.1\STM32CubeIDE\plugins\com.st.stm32cube.common.mx_6.6.1.202207061420\\db\/mcu/
2024-09-30 13:41:07,849 [INFO] ApiDb:269 - Set plugin database path to: D:\BKRA\KEIL C test\STM32CubeIDE_1.10.1\STM32CubeIDE\plugins\com.st.stm32cube.common.mx_6.6.1.202207061420\\db\/plugins/boardmanager/
2024-09-30 13:41:07,855 [WARN] ApiDb:254 - Overriding images path with different value:  => D:\BKRA\KEIL C test\STM32CubeIDE_1.10.1\STM32CubeIDE\plugins\com.st.stm32cube.common.mx_6.6.1.202207061420\\db\/plugins/mcufinder/images/
2024-09-30 13:41:07,887 [INFO] ApiDb:249 - Set database path to: C:\Users\User\.stmcufinder\plugins\mcufinder//mcu/
2024-09-30 13:41:07,890 [INFO] DbMcusAds:124 - Set database path to: C:\Users\User\.stmcufinder\plugins\mcufinder//mcu/
2024-09-30 13:41:07,897 [INFO] CrossReferenceDbSqlite:201 - Set database path to: C:\Users\User\.stmcufinder\plugins\mcufinder//mcu/cs/
2024-09-30 13:41:08,145 [INFO] RulesReader:61 - Compatibility file has been processed (282 Rules)
2024-09-30 13:41:08,317 [INFO] DbMcusXml:77 - Set database path to: D:\BKRA\KEIL C test\STM32CubeIDE_1.10.1\STM32CubeIDE\plugins\com.st.stm32cube.common.mx_6.6.1.202207061420\\db\/mcu/
2024-09-30 13:41:08,318 [INFO] ApiDb:269 - Set plugin database path to: D:\BKRA\KEIL C test\STM32CubeIDE_1.10.1\STM32CubeIDE\plugins\com.st.stm32cube.common.mx_6.6.1.202207061420\\db\/plugins/boardmanager/
2024-09-30 13:41:08,318 [INFO] ApiDb:256 - Set plugin images path to: D:\BKRA\KEIL C test\STM32CubeIDE_1.10.1\STM32CubeIDE\plugins\com.st.stm32cube.common.mx_6.6.1.202207061420\\db\/plugins/mcufinder/images/
2024-09-30 13:41:08,319 [WARN] DbFile:40 - Overriding database path with different value: C:\Users\User\.stmcufinder\plugins\mcufinder/ => C:\Users\User\.stmcufinder\plugins\mcufinder
2024-09-30 13:41:08,319 [INFO] ApiDb:249 - Set database path to: C:\Users\User\.stmcufinder\plugins\mcufinder//mcu/
2024-09-30 13:41:08,320 [WARN] DbFile:40 - Overriding database path with different value: C:\Users\User\.stmcufinder\plugins\mcufinder/ => C:\Users\User\.stmcufinder\plugins\mcufinder
2024-09-30 13:41:08,320 [INFO] DbMcusAds:124 - Set database path to: C:\Users\User\.stmcufinder\plugins\mcufinder//mcu/
2024-09-30 13:41:08,322 [WARN] DbFile:40 - Overriding database path with different value: C:\Users\User\.stmcufinder\plugins\mcufinder/ => C:\Users\User\.stmcufinder\plugins\mcufinder
2024-09-30 13:41:08,323 [WARN] DbFile:40 - Overriding database path with different value: C:\Users\User\.stmcufinder\plugins\mcufinder/ => C:\Users\User\.stmcufinder\plugins\mcufinder
2024-09-30 13:41:08,323 [INFO] CrossReferenceDbSqlite:201 - Set database path to: C:\Users\User\.stmcufinder\plugins\mcufinder//mcu/cs/
2024-09-30 13:41:08,498 [INFO] MainPanel:242 - HeapMemory: 268435456
2024-09-30 13:41:08,791 [INFO] DbMcusXml:77 - Set database path to: D:\BKRA\KEIL C test\STM32CubeIDE_1.10.1\STM32CubeIDE\plugins\com.st.stm32cube.common.mx_6.6.1.202207061420\\db\/mcu/
2024-09-30 13:41:08,792 [INFO] ApiDb:269 - Set plugin database path to: D:\BKRA\KEIL C test\STM32CubeIDE_1.10.1\STM32CubeIDE\plugins\com.st.stm32cube.common.mx_6.6.1.202207061420\\db\/plugins/boardmanager/
2024-09-30 13:41:08,792 [INFO] ApiDb:256 - Set plugin images path to: D:\BKRA\KEIL C test\STM32CubeIDE_1.10.1\STM32CubeIDE\plugins\com.st.stm32cube.common.mx_6.6.1.202207061420\\db\/plugins/mcufinder/images/
2024-09-30 13:41:08,793 [WARN] DbFile:40 - Overriding database path with different value: C:\Users\User\.stmcufinder\plugins\mcufinder/ => C:\Users\User\.stmcufinder\plugins\mcufinder
2024-09-30 13:41:08,793 [INFO] ApiDb:249 - Set database path to: C:\Users\User\.stmcufinder\plugins\mcufinder//mcu/
2024-09-30 13:41:08,794 [WARN] DbFile:40 - Overriding database path with different value: C:\Users\User\.stmcufinder\plugins\mcufinder/ => C:\Users\User\.stmcufinder\plugins\mcufinder
2024-09-30 13:41:08,794 [INFO] DbMcusAds:124 - Set database path to: C:\Users\User\.stmcufinder\plugins\mcufinder//mcu/
2024-09-30 13:41:08,795 [WARN] DbFile:40 - Overriding database path with different value: C:\Users\User\.stmcufinder\plugins\mcufinder/ => C:\Users\User\.stmcufinder\plugins\mcufinder
2024-09-30 13:41:08,795 [WARN] DbFile:40 - Overriding database path with different value: C:\Users\User\.stmcufinder\plugins\mcufinder/ => C:\Users\User\.stmcufinder\plugins\mcufinder
2024-09-30 13:41:08,795 [INFO] CrossReferenceDbSqlite:201 - Set database path to: C:\Users\User\.stmcufinder\plugins\mcufinder//mcu/cs/
2024-09-30 13:41:08,867 [INFO] ApplicationProperties:181 - Using Application install path: D:\BKRA\KEIL C test\STM32CubeIDE_1.10.1\STM32CubeIDE\plugins\com.st.stm32cube.common.mx_6.6.1.202207061420
2024-09-30 13:41:08,870 [INFO] PluginManage:193 - Search for loadable plugins [exclusion list=, ]
2024-09-30 13:41:08,876 [INFO] PluginManage:307 - Check plugin analytics
2024-09-30 13:41:09,234 [INFO] AnalyticsPlugin:262 - Accepted Software Licenses: STM32CubeMX.6.12.0
2024-09-30 13:41:09,235 [INFO] AnalyticsPlugin:264 - Accepted CMSIS Pack Licenses: 
2024-09-30 13:41:09,236 [INFO] AnalyticsPlugin:266 - Accepted Firmware Licenses: FW.F4.1.28.0
2024-09-30 13:41:09,253 [INFO] PluginManage:356 - Loaded plugin analytics (category:tool,tabindex:-1)
2024-09-30 13:41:09,254 [INFO] PluginManage:307 - Check plugin cadmodel
2024-09-30 13:41:09,261 [INFO] CADModel:65 - Init CAD model plugin
2024-09-30 13:41:09,263 [INFO] PluginManage:356 - Loaded plugin cadmodel (category:power,tabindex:5)
2024-09-30 13:41:09,264 [INFO] PluginManage:307 - Check plugin clock
2024-09-30 13:41:09,288 [INFO] PluginManage:356 - Loaded plugin clock (category:base,tabindex:2)
2024-09-30 13:41:09,289 [INFO] PluginManage:307 - Check plugin ddr
2024-09-30 13:41:09,294 [INFO] PluginManage:356 - Loaded plugin ddr (category:tool,tabindex:6)
2024-09-30 13:41:09,294 [INFO] PluginManage:307 - Check plugin filemanager
2024-09-30 13:41:09,642 [INFO] PluginManage:356 - Loaded plugin filemanager (category:base,tabindex:10)
2024-09-30 13:41:09,643 [INFO] PluginManage:307 - Check plugin ipmanager
2024-09-30 13:41:09,659 [INFO] PluginManage:356 - Loaded plugin ipmanager (category:base,tabindex:5)
2024-09-30 13:41:09,660 [INFO] PluginManage:307 - Check plugin lpbam
2024-09-30 13:41:09,680 [INFO] PluginManage:356 - Loaded plugin lpbam (category:base,tabindex:0)
2024-09-30 13:41:09,680 [INFO] PluginManage:307 - Check plugin pinoutandconfiguration
2024-09-30 13:41:09,697 [INFO] PluginManage:356 - Loaded plugin pinoutandconfiguration (category:base,tabindex:1)
2024-09-30 13:41:09,698 [INFO] PluginManage:307 - Check plugin pinoutconfig
2024-09-30 13:41:09,766 [INFO] PluginManage:356 - Loaded plugin pinoutconfig (category:base,tabindex:0)
2024-09-30 13:41:09,767 [INFO] PluginManage:307 - Check plugin power
2024-09-30 13:41:09,795 [INFO] PluginManage:356 - Loaded plugin power (category:power,tabindex:4)
2024-09-30 13:41:09,796 [INFO] PluginManage:307 - Check plugin projectmanager
2024-09-30 13:41:09,831 [INFO] PluginManage:356 - Loaded plugin projectmanager (category:projectmanager,tabindex:3)
2024-09-30 13:41:09,832 [INFO] PluginManage:307 - Check plugin thirdparty
2024-09-30 13:41:10,146 [INFO] PluginManage:356 - Loaded plugin thirdparty (category:base,tabindex:-1)
2024-09-30 13:41:10,146 [INFO] PluginManage:307 - Check plugin tools
2024-09-30 13:41:10,151 [INFO] PluginManage:356 - Loaded plugin tools (category:base,tabindex:7)
2024-09-30 13:41:10,152 [INFO] PluginManage:307 - Check plugin tutovideos
2024-09-30 13:41:10,163 [WARN] IntegrityCheckThread:82 - waiting for thirdparty lock release [integrity check]
2024-09-30 13:41:10,167 [INFO] IntegrityCheckThread:84 - entering critical section [integrity check]
2024-09-30 13:41:10,174 [INFO] ThirdPartyUpdaterWithRetryManager:70 - Updater plugin not ready yet. [1/15]
2024-09-30 13:41:10,661 [INFO] PluginManage:356 - Loaded plugin tutovideos (category:base,tabindex:-1)
2024-09-30 13:41:10,661 [INFO] PluginManage:307 - Check plugin updater
2024-09-30 13:41:10,688 [INFO] PluginManage:356 - Loaded plugin updater (category:base,tabindex:12)
2024-09-30 13:41:10,690 [INFO] PluginManage:280 - PluginManage : Loaded plugins [15]
2024-09-30 13:41:11,229 [INFO] PinOutPanel:1468 - setPackage(No Configuration,No Configuration)
2024-09-30 13:41:11,365 [INFO] CADModel:98 - CPN selected for project level
2024-09-30 13:41:11,398 [INFO] IPUIPlugin:79 - create IPUIPlugin
2024-09-30 13:41:11,399 [INFO] PluginManager:217 - loadIPPluginJar : add adc
2024-09-30 13:41:11,404 [INFO] IPUIPlugin:79 - create IPUIPlugin
2024-09-30 13:41:11,405 [INFO] PluginManager:217 - loadIPPluginJar : add aes
2024-09-30 13:41:11,410 [INFO] IPUIPlugin:79 - create IPUIPlugin
2024-09-30 13:41:11,411 [INFO] PluginManager:217 - loadIPPluginJar : add can
2024-09-30 13:41:11,416 [INFO] IPUIPlugin:79 - create IPUIPlugin
2024-09-30 13:41:11,416 [INFO] PluginManager:217 - loadIPPluginJar : add comp
2024-09-30 13:41:11,423 [INFO] IPUIPlugin:79 - create IPUIPlugin
2024-09-30 13:41:11,424 [INFO] PluginManager:217 - loadIPPluginJar : add cryp
2024-09-30 13:41:11,429 [INFO] IPUIPlugin:79 - create IPUIPlugin
2024-09-30 13:41:11,430 [INFO] PluginManager:217 - loadIPPluginJar : add dfsdm
2024-09-30 13:41:11,442 [INFO] IPUIPlugin:79 - create IPUIPlugin
2024-09-30 13:41:11,444 [INFO] PluginManager:217 - loadIPPluginJar : add dma
2024-09-30 13:41:11,448 [INFO] IPUIPlugin:79 - create IPUIPlugin
2024-09-30 13:41:11,449 [INFO] PluginManager:217 - loadIPPluginJar : add dma3
2024-09-30 13:41:11,452 [INFO] IPUIPlugin:79 - create IPUIPlugin
2024-09-30 13:41:11,453 [INFO] PluginManager:217 - loadIPPluginJar : add fatfs
2024-09-30 13:41:11,460 [INFO] IPUIPlugin:79 - create IPUIPlugin
2024-09-30 13:41:11,461 [INFO] PluginManager:217 - loadIPPluginJar : add fmc
2024-09-30 13:41:11,472 [INFO] IPUIPlugin:79 - create IPUIPlugin
2024-09-30 13:41:11,473 [INFO] PluginManager:217 - loadIPPluginJar : add freertos
2024-09-30 13:41:11,476 [INFO] IPUIPlugin:79 - create IPUIPlugin
2024-09-30 13:41:11,476 [INFO] PluginManager:217 - loadIPPluginJar : add genericplugin
2024-09-30 13:41:11,480 [INFO] IPUIPlugin:79 - create IPUIPlugin
2024-09-30 13:41:11,481 [INFO] PluginManager:217 - loadIPPluginJar : add gfxmmu
2024-09-30 13:41:11,493 [INFO] IPUIPlugin:79 - create IPUIPlugin
2024-09-30 13:41:11,493 [INFO] PluginManager:217 - loadIPPluginJar : add gic
2024-09-30 13:41:11,502 [INFO] IPUIPlugin:79 - create IPUIPlugin
2024-09-30 13:41:11,502 [INFO] PluginManager:217 - loadIPPluginJar : add gpio
2024-09-30 13:41:11,508 [INFO] IPUIPlugin:79 - create IPUIPlugin
2024-09-30 13:41:11,508 [INFO] PluginManager:217 - loadIPPluginJar : add gtzc
2024-09-30 13:41:11,514 [INFO] IPUIPlugin:79 - create IPUIPlugin
2024-09-30 13:41:11,515 [INFO] PluginManager:217 - loadIPPluginJar : add hash
2024-09-30 13:41:11,521 [INFO] IPUIPlugin:79 - create IPUIPlugin
2024-09-30 13:41:11,521 [INFO] PluginManager:217 - loadIPPluginJar : add i2c
2024-09-30 13:41:11,528 [INFO] IPUIPlugin:79 - create IPUIPlugin
2024-09-30 13:41:11,529 [INFO] PluginManager:217 - loadIPPluginJar : add i2s
2024-09-30 13:41:11,536 [INFO] IPUIPlugin:79 - create IPUIPlugin
2024-09-30 13:41:11,537 [INFO] PluginManager:217 - loadIPPluginJar : add ipddr
2024-09-30 13:41:11,553 [INFO] IPUIPlugin:79 - create IPUIPlugin
2024-09-30 13:41:11,553 [INFO] PluginManager:217 - loadIPPluginJar : add linkedlist
2024-09-30 13:41:11,559 [INFO] IPUIPlugin:79 - create IPUIPlugin
2024-09-30 13:41:11,559 [INFO] PluginManager:217 - loadIPPluginJar : add lorawan
2024-09-30 13:41:11,562 [INFO] IPUIPlugin:79 - create IPUIPlugin
2024-09-30 13:41:11,563 [INFO] PluginManager:217 - loadIPPluginJar : add ltdc
2024-09-30 13:41:11,575 [INFO] IPUIPlugin:79 - create IPUIPlugin
2024-09-30 13:41:11,576 [INFO] PluginManager:217 - loadIPPluginJar : add mdma
2024-09-30 13:41:11,585 [INFO] IPUIPlugin:79 - create IPUIPlugin
2024-09-30 13:41:11,586 [INFO] PluginManager:217 - loadIPPluginJar : add nvic
2024-09-30 13:41:11,598 [INFO] IPUIPlugin:79 - create IPUIPlugin
2024-09-30 13:41:11,610 [INFO] PluginManager:217 - loadIPPluginJar : add opamp
2024-09-30 13:41:11,623 [INFO] IPUIPlugin:79 - create IPUIPlugin
2024-09-30 13:41:11,624 [INFO] PluginManager:217 - loadIPPluginJar : add openamp
2024-09-30 13:41:11,630 [INFO] IPUIPlugin:79 - create IPUIPlugin
2024-09-30 13:41:11,631 [INFO] PluginManager:217 - loadIPPluginJar : add pdm2pcm
2024-09-30 13:41:11,645 [INFO] IPUIPlugin:79 - create IPUIPlugin
2024-09-30 13:41:11,651 [INFO] PluginManager:217 - loadIPPluginJar : add plateformsettings
2024-09-30 13:41:11,655 [INFO] IPUIPlugin:79 - create IPUIPlugin
2024-09-30 13:41:11,656 [INFO] PluginManager:217 - loadIPPluginJar : add quadspi
2024-09-30 13:41:11,662 [INFO] IPUIPlugin:79 - create IPUIPlugin
2024-09-30 13:41:11,663 [INFO] PluginManager:217 - loadIPPluginJar : add resmgrutility
2024-09-30 13:41:11,669 [INFO] IPUIPlugin:79 - create IPUIPlugin
2024-09-30 13:41:11,669 [INFO] PluginManager:217 - loadIPPluginJar : add sai
2024-09-30 13:41:11,675 [INFO] IPUIPlugin:79 - create IPUIPlugin
2024-09-30 13:41:11,676 [INFO] PluginManager:217 - loadIPPluginJar : add spi
2024-09-30 13:41:11,685 [INFO] IPUIPlugin:79 - create IPUIPlugin
2024-09-30 13:41:11,686 [INFO] PluginManager:217 - loadIPPluginJar : add stm32_wpan
2024-09-30 13:41:11,689 [INFO] IPUIPlugin:79 - create IPUIPlugin
2024-09-30 13:41:11,690 [INFO] PluginManager:217 - loadIPPluginJar : add tim
2024-09-30 13:41:11,695 [INFO] IPUIPlugin:79 - create IPUIPlugin
2024-09-30 13:41:11,696 [INFO] PluginManager:217 - loadIPPluginJar : add touchsensing
2024-09-30 13:41:11,700 [INFO] IPUIPlugin:79 - create IPUIPlugin
2024-09-30 13:41:11,700 [INFO] PluginManager:217 - loadIPPluginJar : add tracer_emb
2024-09-30 13:41:11,704 [INFO] IPUIPlugin:79 - create IPUIPlugin
2024-09-30 13:41:11,705 [INFO] PluginManager:217 - loadIPPluginJar : add ts
2024-09-30 13:41:11,708 [INFO] IPUIPlugin:79 - create IPUIPlugin
2024-09-30 13:41:11,708 [INFO] PluginManager:217 - loadIPPluginJar : add tsc
2024-09-30 13:41:11,712 [INFO] IPUIPlugin:79 - create IPUIPlugin
2024-09-30 13:41:11,713 [INFO] PluginManager:217 - loadIPPluginJar : add ucpd
2024-09-30 13:41:11,720 [INFO] IPUIPlugin:79 - create IPUIPlugin
2024-09-30 13:41:11,720 [INFO] PluginManager:217 - loadIPPluginJar : add usart
2024-09-30 13:41:11,727 [INFO] IPUIPlugin:79 - create IPUIPlugin
2024-09-30 13:41:11,727 [INFO] PluginManager:217 - loadIPPluginJar : add usbx
2024-09-30 13:41:12,455 [FATAL] Updater:301 - Updater called before beeing initialized
2024-09-30 13:41:12,853 [FATAL] Updater:301 - Updater called before beeing initialized
2024-09-30 13:41:12,899 [INFO] DbMcusAds:52 - JSON generation date=Fri Sep 20 20:04:23 ICT 2024 (1726837463113)
2024-09-30 13:41:12,905 [FATAL] Updater:301 - Updater called before beeing initialized
2024-09-30 13:41:13,133 [WARN] DetailPanel:344 - Failed to get advertising image, set to default
2024-09-30 13:41:13,188 [INFO] ThirdPartyUpdaterWithRetryManager:70 - Updater plugin not ready yet. [2/15]
2024-09-30 13:41:13,616 [FATAL] Updater:301 - Updater called before beeing initialized
2024-09-30 13:41:13,620 [FATAL] Updater:301 - Updater called before beeing initialized
2024-09-30 13:41:13,620 [FATAL] Updater:301 - Updater called before beeing initialized
2024-09-30 13:41:13,621 [WARN] DetailPanel:344 - Failed to get advertising image, set to default
2024-09-30 13:41:13,622 [FATAL] Updater:301 - Updater called before beeing initialized
2024-09-30 13:41:13,756 [ERROR] Updater:1105 - MainUpdater not yet initialized. External WinMGr cannot be set.
2024-09-30 13:41:13,761 [INFO] Updater:1041 - Updater Version found : 6.6.1
2024-09-30 13:41:13,794 [INFO] ApplicationProperties:181 - Using Application install path: D:\BKRA\KEIL C test\STM32CubeIDE_1.10.1\STM32CubeIDE\plugins\com.st.stm32cube.common.mx_6.6.1.202207061420
2024-09-30 13:41:14,230 [INFO] MainUpdater:2768 - connection check result : 10
2024-09-30 13:41:14,231 [INFO] MainUpdater:280 - Updater Check For Update Now.
2024-09-30 13:41:14,232 [INFO] MicroXplorer:481 - Change Database Version : DB.6.0.60
2024-09-30 13:41:14,522 [INFO] CheckServerUpdateThread:119 - End of CheckServer Thread
2024-09-30 13:41:14,655 [INFO] MainUpdater:2768 - connection check result : 10
2024-09-30 13:41:15,413 [INFO] McuFinderGlobals:57 - Set McuFinderConnectedMode to true
2024-09-30 13:41:15,433 [INFO] MultiScanPanel:195 - Auto-refresh data requested => check proxy status ongoing
2024-09-30 13:41:15,441 [INFO] FinderPluginLoader:92 - Searching for filters in installed packs
2024-09-30 13:41:15,659 [INFO] ApiDb:576 - Connected to CubeFinder SQLite database (C:\Users\User\.stmcufinder\plugins\mcufinder\mcu\cube-finder-db.db)
2024-09-30 13:41:15,868 [INFO] ApiDb:663 - CubeFinder database Data Model version=2.1
2024-09-30 13:41:15,868 [INFO] ApiDb:664 - CubeFinder database Configuration version=3.0.39
2024-09-30 13:41:15,868 [INFO] ApiDb:665 - CubeFinder database generation date=2024-09-16 (1726485674)
2024-09-30 13:41:15,869 [INFO] ApiDb:666 - CubeFinder database FW Pack versions=[FP-ATR-ASTRA1_V2.0.0, FP-SNS-FLIGHT1_V5.0.2, FP-SNS-MOTENV1_V5.0.0, FP-SNS-MOTENVWB1_V1.4.0, FP-SNS-SMARTAG2_V1.2.0, FP-SNS-STBOX1_V2.0.0, STM32Cube_FW_C0_V1.2.0, STM32Cube_FW_F4_V1.28.1, STM32Cube_FW_F7_V1.17.2, STM32Cube_FW_G0_V1.6.2, STM32Cube_FW_G4_V1.6.0, STM32Cube_FW_H5_V1.3.0, STM32Cube_FW_H7RS_V1.1.0, STM32Cube_FW_H7_V1.11.2, STM32Cube_FW_L0_V1.12.2, STM32Cube_FW_L5_V1.5.1, STM32Cube_FW_U0_V1.1.0, STM32Cube_FW_U5_V1.6.0, STM32Cube_FW_WB0_V1.0.0, STM32Cube_FW_WBA_V1.4.1, STM32Cube_FW_WB_V1.20.0, STM32Cube_FW_WL_V1.3.0, X-CUBE-ALGOBUILD_V1.4.0, X-CUBE-ALS_V1.0.2, X-CUBE-AZRTOS-F4_V1.1.0, X-CUBE-AZRTOS-F7_V1.1.0, X-CUBE-AZRTOS-G0_V1.1.0, X-CUBE-AZRTOS-G4_V2.0.0, X-CUBE-AZRTOS-H7RS_V1.0.0, X-CUBE-AZRTOS-H7_V3.2.0, X-CUBE-AZRTOS-L4_V2.0.0, X-CUBE-AZRTOS-L5_V2.0.0, X-CUBE-AZRTOS-WB_V2.0.0, X-CUBE-AZRTOS-WL_V2.0.0, X-CUBE-BLE1_V7.0.0, X-CUBE-BLE2_V3.3.0, X-CUBE-BLEMGR_V3.1.0, X-CUBE-EEPRMA1_V5.1.0, X-CUBE-FREERTOS_V1.2.0, X-CUBE-GNSS1_V6.0.0, X-CUBE-MEMS1_V11.0.0, X-CUBE-NFC4_V3.0.0, X-CUBE-NFC7_V1.0.1, X-CUBE-SFXS2LP1_V4.0.0, X-CUBE-SUBG2_V5.0.0, X-CUBE-TOF1_V3.4.2]
2024-09-30 13:41:16,858 [WARN] PackLoader:242 - Cannot read IP mode file for STMicroelectronics.FP-SNS-MOTENVWB1.1.4.0
2024-09-30 13:41:16,906 [WARN] PackLoader:242 - Cannot read IP mode file for STMicroelectronics.X-CUBE-SMBUS.2.1.0
2024-09-30 13:41:16,918 [WARN] PackLoader:242 - Cannot read IP mode file for STMicroelectronics.X-CUBE-TOUCHGFX.4.23.2
2024-09-30 13:41:17,024 [WARN] PackLoader:242 - Cannot read IP mode file for STMicroelectronics.X-CUBE-AZRTOS-F7.1.1.0
2024-09-30 13:41:17,288 [WARN] PackLoader:242 - Cannot read IP mode file for STMicroelectronics.X-CUBE-MEMS1.11.0.0
2024-09-30 13:41:17,880 [WARN] PackLoader:242 - Cannot read IP mode file for STMicroelectronics.FP-SNS-FLIGHT1.5.0.2
2024-09-30 13:41:17,896 [WARN] PackLoader:242 - Cannot read IP mode file for STMicroelectronics.X-CUBE-DISPLAY.3.0.0
2024-09-30 13:41:17,918 [WARN] PackLoader:242 - Cannot read IP mode file for STMicroelectronics.X-CUBE-BLE1.7.0.0
2024-09-30 13:41:17,932 [WARN] PackLoader:242 - Cannot read IP mode file for STMicroelectronics.X-CUBE-NFC10.1.0.0
2024-09-30 13:41:17,974 [WARN] PackLoader:242 - Cannot read IP mode file for emotas.I-CUBE-CANOPEN.1.3.0
2024-09-30 13:41:17,993 [WARN] PackLoader:242 - Cannot read IP mode file for STMicroelectronics.X-CUBE-BLEMGR.3.1.0
2024-09-30 13:41:18,009 [WARN] PackLoader:242 - Cannot read IP mode file for STMicroelectronics.FP-SNS-SMARTAG2.1.2.0
2024-09-30 13:41:18,031 [INFO] LogOutputStream:76 - [STDOUT_REDIRECT] 1 : Invalid condition id : UX_CORESTACK_Condition cause : null
2024-09-30 13:41:18,033 [INFO] LogOutputStream:76 - [STDOUT_REDIRECT] 1 : Invalid condition id : UX_CORESTACK_Condition cause : null
2024-09-30 13:41:18,037 [INFO] LogOutputStream:76 - [STDOUT_REDIRECT] 1 : Invalid condition id : UX_CORESTACK_Condition cause : null
2024-09-30 13:41:18,042 [INFO] LogOutputStream:76 - [STDOUT_REDIRECT] 1 : Invalid condition id : UX_CORESTACK_Condition cause : null
2024-09-30 13:41:18,046 [INFO] LogOutputStream:76 - [STDOUT_REDIRECT] 1 : Invalid condition id : UX_CORESTACK_Condition cause : null
2024-09-30 13:41:18,053 [WARN] PackLoader:242 - Cannot read IP mode file for STMicroelectronics.X-CUBE-AZRTOS-WL.2.0.0
2024-09-30 13:41:18,066 [WARN] PackLoader:242 - Cannot read IP mode file for STMicroelectronics.FP-SNS-MOTENV1.5.0.0
2024-09-30 13:41:18,095 [WARN] PackLoader:242 - Cannot read IP mode file for wolfSSL.I-CUBE-wolfMQTT.1.19.0
2024-09-30 13:41:18,108 [WARN] PackLoader:242 - Cannot read IP mode file for WES.I-CUBE-Cesium.1.3.0
2024-09-30 13:41:18,121 [WARN] PackLoader:242 - Cannot read IP mode file for STMicroelectronics.X-CUBE-BLE2.3.3.0
2024-09-30 13:41:18,133 [WARN] PackLoader:242 - Cannot read IP mode file for STMicroelectronics.X-CUBE-NFC9.1.0.0
2024-09-30 13:41:18,155 [WARN] PackLoader:242 - Cannot read IP mode file for STMicroelectronics.X-CUBE-TCPP.4.1.0
2024-09-30 13:41:18,171 [WARN] PackLoader:242 - Cannot read IP mode file for STMicroelectronics.X-CUBE-ALGOBUILD.1.3.0
2024-09-30 13:41:18,206 [WARN] PackLoader:242 - Cannot read IP mode file for STMicroelectronics.X-CUBE-AZRTOS-G0.1.1.0
2024-09-30 13:41:18,224 [WARN] PackLoader:242 - Cannot read IP mode file for STMicroelectronics.X-CUBE-SAFEA1.1.2.2
2024-09-30 13:41:18,236 [WARN] PackLoader:242 - Cannot read IP mode file for STMicroelectronics.X-CUBE-NFC4.3.0.0
2024-09-30 13:41:18,243 [WARN] PackLoader:242 - Cannot read IP mode file for wolfSSL.I-CUBE-wolfMQTT.1.18.0
2024-09-30 13:41:18,251 [ERROR] Engine:467 - C:\Users\User\.stm32cubemx\thirdparties\pdsc\EmbeddedOffice.I-CUBE-FS-RTOS.1.0.1.pdsc: PDSC version is not supported
2024-09-30 13:41:18,257 [ERROR] Engine:467 - C:\Users\User\.stm32cubemx\thirdparties\pdsc\RealThread.X-CUBE-RT-Thread_Nano.4.1.1.pdsc: PDSC version is not supported
2024-09-30 13:41:18,264 [WARN] PackLoader:242 - Cannot read IP mode file for wolfSSL.I-CUBE-wolfSSL.5.7.0
2024-09-30 13:41:18,272 [WARN] PackLoader:242 - Cannot read IP mode file for STMicroelectronics.FP-ATR-SIGFOX1.3.2.0
2024-09-30 13:41:18,284 [WARN] PackLoader:242 - Cannot read IP mode file for STMicroelectronics.X-CUBE-EEPRMA1.5.1.0
2024-09-30 13:41:18,302 [WARN] PackLoader:242 - Cannot read IP mode file for ITTIA_DB.I-CUBE-ITTIADB.8.9.0
2024-09-30 13:41:18,378 [WARN] PackLoader:242 - Cannot read IP mode file for SEGGER.I-CUBE-embOS.1.3.1
2024-09-30 13:41:18,612 [WARN] PackLoader:242 - Cannot read IP mode file for STMicroelectronics.X-CUBE-ALGOBUILD.1.4.0
2024-09-30 13:41:18,628 [WARN] PackLoader:242 - Cannot read IP mode file for STMicroelectronics.X-CUBE-GNSS1.6.0.0
2024-09-30 13:41:18,670 [WARN] PackLoader:242 - Cannot read IP mode file for STMicroelectronics.X-CUBE-AZRTOS-F4.1.1.0
2024-09-30 13:41:18,690 [WARN] PackLoader:242 - Cannot read IP mode file for STMicroelectronics.X-CUBE-ISPU.2.1.0
2024-09-30 13:41:18,705 [WARN] PackLoader:242 - Cannot read IP mode file for STMicroelectronics.X-CUBE-FREERTOS.1.2.0
2024-09-30 13:41:18,742 [WARN] PackLoader:242 - Cannot read IP mode file for STMicroelectronics.X-CUBE-AZRTOS-L5.2.0.0
2024-09-30 13:41:18,775 [WARN] PackLoader:242 - Cannot read IP mode file for STMicroelectronics.X-CUBE-NFC6.3.1.0
2024-09-30 13:41:18,789 [ERROR] Engine:467 - C:\Users\User\.stm32cubemx\thirdparties\pdsc\STMicroelectronics.X-CUBE-DPower.1.2.0.pdsc: PDSC version is not supported
2024-09-30 13:41:18,797 [WARN] PackLoader:242 - Cannot read IP mode file for STMicroelectronics.X-CUBE-AI.9.0.0
2024-09-30 13:41:18,808 [WARN] PackLoader:242 - Cannot read IP mode file for STMicroelectronics.X-CUBE-NFC7.1.0.1
2024-09-30 13:41:18,817 [WARN] PackLoader:242 - Cannot read IP mode file for wolfSSL.I-CUBE-wolfTPM.3.2.0
2024-09-30 13:41:18,854 [WARN] ConditionMgr:437 - getConditionDescription Invalid condition id : LAN8742 Phy interface Condition cause : null
2024-09-30 13:41:18,856 [WARN] PackLoader:242 - Cannot read IP mode file for STMicroelectronics.X-CUBE-AZRTOS-L4.2.0.0
2024-09-30 13:41:18,858 [WARN] ConditionMgr:1038 - genDependencies : Invalid condition id : LAN8742 Phy interface Condition cause : null
2024-09-30 13:41:18,859 [WARN] ConditionMgr:1038 - genDependencies : Invalid condition id : LAN8742 Phy interface Condition cause : null
2024-09-30 13:41:18,861 [WARN] ConditionMgr:1038 - genDependencies : Invalid condition id : LAN8742 Phy interface Condition cause : null
2024-09-30 13:41:18,876 [WARN] PackLoader:242 - Cannot read IP mode file for STMicroelectronics.X-CUBE-SFXS2LP1.4.0.0
2024-09-30 13:41:18,928 [WARN] PackLoader:242 - Cannot read IP mode file for STMicroelectronics.X-CUBE-AZRTOS-H7.3.3.0
2024-09-30 13:41:18,960 [WARN] ConditionMgr:437 - getConditionDescription Invalid condition id : UX DEVICE CLASS RTOS Condition cause : null
2024-09-30 13:41:18,961 [WARN] ConditionMgr:437 - getConditionDescription Invalid condition id : UX DEVICE CLASS RTOS Condition cause : null
2024-09-30 13:41:18,973 [WARN] PackLoader:242 - Cannot read IP mode file for STMicroelectronics.X-CUBE-AZRTOS-WB.2.0.0
2024-09-30 13:41:18,974 [WARN] ConditionMgr:1038 - genDependencies : Invalid condition id : UX DEVICE CLASS RTOS Condition cause : null
2024-09-30 13:41:18,974 [WARN] ConditionMgr:1038 - genDependencies : Invalid condition id : UX DEVICE CLASS RTOS Condition cause : null
2024-09-30 13:41:18,975 [WARN] ConditionMgr:1038 - genDependencies : Invalid condition id : UX DEVICE CLASS RTOS Condition cause : null
2024-09-30 13:41:18,975 [WARN] ConditionMgr:1038 - genDependencies : Invalid condition id : UX DEVICE CLASS RTOS Condition cause : null
2024-09-30 13:41:18,975 [WARN] ConditionMgr:1038 - genDependencies : Invalid condition id : UX DEVICE CLASS RTOS Condition cause : null
2024-09-30 13:41:18,985 [WARN] PackLoader:242 - Cannot read IP mode file for STMicroelectronics.X-CUBE-GNSS1.7.0.0
2024-09-30 13:41:19,001 [ERROR] Engine:467 - C:\Users\User\.stm32cubemx\thirdparties\pdsc\STMicroelectronics.FP-SNS-STBOX1.2.0.0.pdsc: PDSC version is not supported
2024-09-30 13:41:19,023 [WARN] PackLoader:242 - Cannot read IP mode file for STMicroelectronics.X-CUBE-SUBG2.5.0.0
2024-09-30 13:41:19,068 [WARN] PackLoader:242 - Cannot read IP mode file for STMicroelectronics.X-CUBE-AZRTOS-G4.2.0.0
2024-09-30 13:41:19,079 [WARN] PackLoader:242 - Cannot read IP mode file for STMicroelectronics.X-CUBE-ISPU.2.0.0
2024-09-30 13:41:19,091 [WARN] PackLoader:242 - Cannot read IP mode file for STMicroelectronics.X-CUBE-ALS.1.0.2
2024-09-30 13:41:19,232 [WARN] PackLoader:242 - Cannot read IP mode file for STMicroelectronics.X-CUBE-MEMS1.10.0.0
2024-09-30 13:41:19,540 [WARN] PackLoader:242 - Cannot read IP mode file for STMicroelectronics.X-CUBE-TOUCHGFX.4.24.0
2024-09-30 13:41:19,546 [WARN] PackLoader:242 - Cannot read IP mode file for STMicroelectronics.X-CUBE-TOUCHGFX.4.24.1
2024-09-30 13:41:19,559 [WARN] PackLoader:242 - Cannot read IP mode file for portGmbH.I-Cube-SoM-uGOAL.1.1.0
2024-09-30 13:41:19,567 [WARN] PackLoader:242 - Cannot read IP mode file for STMicroelectronics.X-CUBE-ALS.1.0.1
2024-09-30 13:41:19,612 [WARN] PackLoader:242 - Cannot read IP mode file for STMicroelectronics.X-CUBE-AZRTOS-H7RS.1.0.0
2024-09-30 13:41:19,625 [WARN] PackLoader:242 - Cannot read IP mode file for STMicroelectronics.FP-ATR-ASTRA1.2.0.0
2024-09-30 13:41:19,639 [ERROR] Engine:467 - C:\Users\User\.stm32cubemx\thirdparties\pdsc\STMicroelectronics.X-CUBE-TOF1.3.4.2.pdsc: PDSC version is not supported
2024-09-30 13:41:19,663 [WARN] PackLoader:242 - Cannot read IP mode file for STMicroelectronics.X-CUBE-TOF1.3.4.1
2024-09-30 13:41:19,736 [WARN] PackLoader:242 - Cannot read IP mode file for STMicroelectronics.X-CUBE-AZRTOS-H7.3.2.0
2024-09-30 13:41:19,802 [WARN] PackLoader:242 - Cannot read IP mode file for Infineon.AIROC-Wi-Fi-Bluetooth-STM32.1.6.0
2024-09-30 13:41:19,819 [WARN] PackLoader:242 - Cannot read IP mode file for wolfSSL.I-CUBE-wolfSSH.1.4.17
2024-09-30 13:41:19,823 [INFO] ThirdParty:929 - Integrity check success = true
2024-09-30 13:41:19,824 [INFO] IntegrityCheckThread:98 - exiting critical section [integrity check]
2024-09-30 13:41:19,824 [INFO] IntegrityCheckThread:101 - End integrity checks thread
2024-09-30 13:41:22,210 [INFO] ApiDb:239 - Found 138 in-development CPN: [B-WB1M-WPAN1, NUCLEO-C031C6, STEVAL-STWINBX1, STM320518-EVAL, STM32C0116-DK, STM32C011D6Y3TR, STM32C011D6Y6TR, STM32C011F4P3, STM32C011F4P6, STM32C011F4U3, STM32C011F4U6TR, STM32C011F6P3, STM32C011F6P6, STM32C011F6U3, STM32C011F6U6TR, STM32C011J4M3, STM32C011J4M6, STM32C011J6M3, STM32C011J6M6, STM32C0316-DK, STM32C031C4T3, STM32C031C4T6, STM32C031C4U3, STM32C031C4U6, STM32C031C6T3, STM32C031C6T6, STM32C031C6U3, STM32C031C6U6, STM32C031F4P3, STM32C031F4P6, STM32C031F6P3, STM32C031F6P6, STM32C031G4U3, STM32C031G4U6, STM32C031G6U3, STM32C031G6U6, STM32C031K4T3, STM32C031K4T6, STM32C031K4U3, STM32C031K4U6, STM32C031K6T3, STM32C031K6T6, STM32C031K6U3, STM32C031K6U6, STM32G071K8TXN, STM32G071K8UXN, STM32G081GBU6N, STM32G081KBT6N, STM32G081KBUXN, STM32G0B1CCT6N, STM32G0B1KCT6, STM32G0B1NEY6TR, STM32G0B1RCT6N, STM32G0C1CCT6, STM32G0C1CCT6N, STM32G0C1CCU6N, STM32G0C1CET6N, STM32G0C1CEU6N, STM32G0C1KCT6, STM32G0C1NEY6TR, STM32G0C1RCI6N, STM32G0C1RCT6N, STM32G0C1REI6N, STM32G0C1RET6N, STM32G0C1VCI6, STM32G0C1VEI6, STM32G471CCT6, STM32G471CCU6, STM32G471CET3, STM32G471CET6, STM32G471CEU3, STM32G471CEU6, STM32G471MCT6, STM32G471MET3, STM32G471MET6, STM32G471MEY6TR, STM32G471QCT6, STM32G471QET3, STM32G471RCT6, STM32G471RET3, STM32G471RET6, STM32G471VCH6, STM32G471VCI6, STM32G471VCT6, STM32G471VEH3, STM32G471VEH6, STM32G471VEI3, STM32G471VEI6, STM32G471VET3, STM32G471VET6, STM32G474CCT6, STM32L476VGY6PTR, STM32L4R5QGI6STR, STM32MP131AAE3, STM32MP131AAF3, STM32MP131AAG3, STM32MP131CAE3, STM32MP131CAF3, STM32MP131CAG3, STM32MP131DAE7, STM32MP131DAF7, STM32MP131DAG7, STM32MP131FAE7, STM32MP131FAF7, STM32MP131FAG7, STM32MP133AAE3, STM32MP133AAF3, STM32MP133AAG3, STM32MP133CAE3, STM32MP133CAF3, STM32MP133CAG3, STM32MP133DAE7, STM32MP133DAF7, STM32MP133DAG7, STM32MP133FAE7, STM32MP133FAF7, STM32MP133FAG7, STM32MP135AAE3, STM32MP135AAF3, STM32MP135AAG3, STM32MP135CAE3, STM32MP135CAF3, STM32MP135CAG3, STM32MP135DAE7, STM32MP135DAF7, STM32MP135DAG7, STM32MP135F-DK, STM32MP135FAE7, STM32MP135FAF7, STM32MP135FAG7, STM32U595ZJT6Q, STM32U599BJY6QTR, STM32U599NIH6Q, STM32U599NJH6Q, STM32U5A5ZJT6Q, STM32U5A9BJY6QTR, STM32U5A9NJH6Q, STM32WB1MMCH6]
2024-09-30 13:41:22,220 [INFO] DbMcus:215 - Found 4178 MCUs, 4178 are supported
2024-09-30 13:41:22,224 [INFO] ApiDb:418 - Load user favorites file C:\Users\User/.stm32cubeide/favorites.mcus.txt: 0 item(s)
2024-09-30 13:41:22,224 [INFO] ApiDb:422 - User favorites MCUs=[]
2024-09-30 13:41:22,224 [INFO] DbMcus:221 - Set 0 / 0 favorites MCUs
2024-09-30 13:41:26,045 [INFO] LoadUrlFilesThread:177 - End of LoadServerUrlFiles without Thread
2024-09-30 13:41:26,251 [INFO] DetailPanel:339 - Set advertising image to C:/Users/User/STM32Cube/Repository/\en.prom-stm32c071-usb-memories-mcu-finder.png
2024-09-30 13:41:26,547 [ERROR] LogOutputStream:74 - [STDERR_REDIRECT] SLF4J: Failed to load class "org.slf4j.impl.StaticLoggerBinder".
2024-09-30 13:41:26,550 [ERROR] LogOutputStream:74 - [STDERR_REDIRECT] SLF4J: Defaulting to no-operation (NOP) logger implementation
2024-09-30 13:41:26,555 [ERROR] LogOutputStream:74 - [STDERR_REDIRECT] SLF4J: See http://www.slf4j.org/codes.html#StaticLoggerBinder for further details.
2024-09-30 13:41:29,340 [INFO] MultiScanPanel:778 - Auto Refresh Data is not needed
2024-09-30 13:41:29,365 [INFO] ApiDb:663 - CubeFinder database Data Model version=2.1
2024-09-30 13:41:29,366 [INFO] ApiDb:664 - CubeFinder database Configuration version=3.0.39
2024-09-30 13:41:29,366 [INFO] ApiDb:665 - CubeFinder database generation date=2024-09-16 (1726485674)
2024-09-30 13:41:29,369 [INFO] ApiDb:666 - CubeFinder database FW Pack versions=[FP-ATR-ASTRA1_V2.0.0, FP-SNS-FLIGHT1_V5.0.2, FP-SNS-MOTENV1_V5.0.0, FP-SNS-MOTENVWB1_V1.4.0, FP-SNS-SMARTAG2_V1.2.0, FP-SNS-STBOX1_V2.0.0, STM32Cube_FW_C0_V1.2.0, STM32Cube_FW_F4_V1.28.1, STM32Cube_FW_F7_V1.17.2, STM32Cube_FW_G0_V1.6.2, STM32Cube_FW_G4_V1.6.0, STM32Cube_FW_H5_V1.3.0, STM32Cube_FW_H7RS_V1.1.0, STM32Cube_FW_H7_V1.11.2, STM32Cube_FW_L0_V1.12.2, STM32Cube_FW_L5_V1.5.1, STM32Cube_FW_U0_V1.1.0, STM32Cube_FW_U5_V1.6.0, STM32Cube_FW_WB0_V1.0.0, STM32Cube_FW_WBA_V1.4.1, STM32Cube_FW_WB_V1.20.0, STM32Cube_FW_WL_V1.3.0, X-CUBE-ALGOBUILD_V1.4.0, X-CUBE-ALS_V1.0.2, X-CUBE-AZRTOS-F4_V1.1.0, X-CUBE-AZRTOS-F7_V1.1.0, X-CUBE-AZRTOS-G0_V1.1.0, X-CUBE-AZRTOS-G4_V2.0.0, X-CUBE-AZRTOS-H7RS_V1.0.0, X-CUBE-AZRTOS-H7_V3.2.0, X-CUBE-AZRTOS-L4_V2.0.0, X-CUBE-AZRTOS-L5_V2.0.0, X-CUBE-AZRTOS-WB_V2.0.0, X-CUBE-AZRTOS-WL_V2.0.0, X-CUBE-BLE1_V7.0.0, X-CUBE-BLE2_V3.3.0, X-CUBE-BLEMGR_V3.1.0, X-CUBE-EEPRMA1_V5.1.0, X-CUBE-FREERTOS_V1.2.0, X-CUBE-GNSS1_V6.0.0, X-CUBE-MEMS1_V11.0.0, X-CUBE-NFC4_V3.0.0, X-CUBE-NFC7_V1.0.1, X-CUBE-SFXS2LP1_V4.0.0, X-CUBE-SUBG2_V5.0.0, X-CUBE-TOF1_V3.4.2]
2024-09-30 13:41:29,715 [INFO] DbBoardsSqlite:227 - include board P-NUCLEO-WB55-NUCLEO as a kit item of type 'Nucleo-64'
2024-09-30 13:41:29,716 [INFO] DbBoardsSqlite:227 - include board P-NUCLEO-WB55-USBDONGLE as a kit item of type 'Nucleo USB Dongle'
2024-09-30 13:41:29,717 [INFO] DbBoardsSqlite:227 - include board STEVAL-IDP005V1 as a kit item of type 'Evaluation Board'
2024-09-30 13:41:29,717 [INFO] DbBoardsSqlite:227 - include board STEVAL-IDP005V2 as a kit item of type 'Evaluation Board'
2024-09-30 13:41:29,989 [INFO] ApiDb:239 - Found 138 in-development CPN: [B-WB1M-WPAN1, NUCLEO-C031C6, STEVAL-STWINBX1, STM320518-EVAL, STM32C0116-DK, STM32C011D6Y3TR, STM32C011D6Y6TR, STM32C011F4P3, STM32C011F4P6, STM32C011F4U3, STM32C011F4U6TR, STM32C011F6P3, STM32C011F6P6, STM32C011F6U3, STM32C011F6U6TR, STM32C011J4M3, STM32C011J4M6, STM32C011J6M3, STM32C011J6M6, STM32C0316-DK, STM32C031C4T3, STM32C031C4T6, STM32C031C4U3, STM32C031C4U6, STM32C031C6T3, STM32C031C6T6, STM32C031C6U3, STM32C031C6U6, STM32C031F4P3, STM32C031F4P6, STM32C031F6P3, STM32C031F6P6, STM32C031G4U3, STM32C031G4U6, STM32C031G6U3, STM32C031G6U6, STM32C031K4T3, STM32C031K4T6, STM32C031K4U3, STM32C031K4U6, STM32C031K6T3, STM32C031K6T6, STM32C031K6U3, STM32C031K6U6, STM32G071K8TXN, STM32G071K8UXN, STM32G081GBU6N, STM32G081KBT6N, STM32G081KBUXN, STM32G0B1CCT6N, STM32G0B1KCT6, STM32G0B1NEY6TR, STM32G0B1RCT6N, STM32G0C1CCT6, STM32G0C1CCT6N, STM32G0C1CCU6N, STM32G0C1CET6N, STM32G0C1CEU6N, STM32G0C1KCT6, STM32G0C1NEY6TR, STM32G0C1RCI6N, STM32G0C1RCT6N, STM32G0C1REI6N, STM32G0C1RET6N, STM32G0C1VCI6, STM32G0C1VEI6, STM32G471CCT6, STM32G471CCU6, STM32G471CET3, STM32G471CET6, STM32G471CEU3, STM32G471CEU6, STM32G471MCT6, STM32G471MET3, STM32G471MET6, STM32G471MEY6TR, STM32G471QCT6, STM32G471QET3, STM32G471RCT6, STM32G471RET3, STM32G471RET6, STM32G471VCH6, STM32G471VCI6, STM32G471VCT6, STM32G471VEH3, STM32G471VEH6, STM32G471VEI3, STM32G471VEI6, STM32G471VET3, STM32G471VET6, STM32G474CCT6, STM32L476VGY6PTR, STM32L4R5QGI6STR, STM32MP131AAE3, STM32MP131AAF3, STM32MP131AAG3, STM32MP131CAE3, STM32MP131CAF3, STM32MP131CAG3, STM32MP131DAE7, STM32MP131DAF7, STM32MP131DAG7, STM32MP131FAE7, STM32MP131FAF7, STM32MP131FAG7, STM32MP133AAE3, STM32MP133AAF3, STM32MP133AAG3, STM32MP133CAE3, STM32MP133CAF3, STM32MP133CAG3, STM32MP133DAE7, STM32MP133DAF7, STM32MP133DAG7, STM32MP133FAE7, STM32MP133FAF7, STM32MP133FAG7, STM32MP135AAE3, STM32MP135AAF3, STM32MP135AAG3, STM32MP135CAE3, STM32MP135CAF3, STM32MP135CAG3, STM32MP135DAE7, STM32MP135DAF7, STM32MP135DAG7, STM32MP135F-DK, STM32MP135FAE7, STM32MP135FAF7, STM32MP135FAG7, STM32U595ZJT6Q, STM32U599BJY6QTR, STM32U599NIH6Q, STM32U599NJH6Q, STM32U5A5ZJT6Q, STM32U5A9BJY6QTR, STM32U5A9NJH6Q, STM32WB1MMCH6]
2024-09-30 13:41:30,022 [INFO] BoardInfo:879 - No configuration file found for board B-G473E-ZEST1S
2024-09-30 13:41:30,023 [INFO] DbBoards:156 - Board is not supported: B-G473E-ZEST1S
2024-09-30 13:41:30,064 [INFO] BoardInfo:879 - No configuration file found for board B-WL5M-SUBG1
2024-09-30 13:41:30,065 [INFO] DbBoards:156 - Board is not supported: B-WL5M-SUBG1
2024-09-30 13:41:30,335 [INFO] BoardInfo:879 - No configuration file found for board NUCLEO-H503RB
2024-09-30 13:41:30,335 [INFO] DbBoards:156 - Board is not supported: NUCLEO-H503RB
2024-09-30 13:41:30,341 [INFO] BoardInfo:879 - No configuration file found for board NUCLEO-H533RE
2024-09-30 13:41:30,341 [INFO] DbBoards:156 - Board is not supported: NUCLEO-H533RE
2024-09-30 13:41:30,344 [INFO] BoardInfo:879 - No configuration file found for board NUCLEO-H563ZI
2024-09-30 13:41:30,345 [INFO] DbBoards:156 - Board is not supported: NUCLEO-H563ZI
2024-09-30 13:41:30,369 [INFO] BoardInfo:879 - No configuration file found for board NUCLEO-H7S3L8
2024-09-30 13:41:30,369 [INFO] DbBoards:156 - Board is not supported: NUCLEO-H7S3L8
2024-09-30 13:41:30,517 [INFO] BoardInfo:879 - No configuration file found for board NUCLEO-U031R8
2024-09-30 13:41:30,517 [INFO] DbBoards:156 - Board is not supported: NUCLEO-U031R8
2024-09-30 13:41:30,522 [INFO] BoardInfo:879 - No configuration file found for board NUCLEO-U083RC
2024-09-30 13:41:30,522 [INFO] DbBoards:156 - Board is not supported: NUCLEO-U083RC
2024-09-30 13:41:30,525 [INFO] BoardInfo:879 - No configuration file found for board NUCLEO-U545RE-Q
2024-09-30 13:41:30,526 [INFO] DbBoards:156 - Board is not supported: NUCLEO-U545RE-Q
2024-09-30 13:41:30,534 [INFO] BoardInfo:879 - No configuration file found for board NUCLEO-U5A5ZJ-Q
2024-09-30 13:41:30,535 [INFO] DbBoards:156 - Board is not supported: NUCLEO-U5A5ZJ-Q
2024-09-30 13:41:30,539 [INFO] BoardInfo:879 - No configuration file found for board NUCLEO-WB05KZ
2024-09-30 13:41:30,539 [INFO] DbBoards:156 - Board is not supported: NUCLEO-WB05KZ
2024-09-30 13:41:30,542 [INFO] BoardInfo:879 - No configuration file found for board NUCLEO-WB07CC
2024-09-30 13:41:30,543 [INFO] DbBoards:156 - Board is not supported: NUCLEO-WB07CC
2024-09-30 13:41:30,546 [INFO] BoardInfo:879 - No configuration file found for board NUCLEO-WB09KE
2024-09-30 13:41:30,546 [INFO] DbBoards:156 - Board is not supported: NUCLEO-WB09KE
2024-09-30 13:41:30,558 [INFO] BoardInfo:879 - No configuration file found for board NUCLEO-WBA52CG
2024-09-30 13:41:30,559 [INFO] DbBoards:156 - Board is not supported: NUCLEO-WBA52CG
2024-09-30 13:41:30,563 [INFO] BoardInfo:879 - No configuration file found for board NUCLEO-WBA55CG
2024-09-30 13:41:30,563 [INFO] DbBoards:156 - Board is not supported: NUCLEO-WBA55CG
2024-09-30 13:41:30,583 [INFO] BoardInfo:879 - No configuration file found for board P-NUCLEO-WB55
2024-09-30 13:41:30,583 [INFO] DbBoards:156 - Kit is not supported: P-NUCLEO-WB55
2024-09-30 13:41:30,603 [INFO] BoardInfo:879 - No configuration file found for board STEVAL-BFA001V1B
2024-09-30 13:41:30,604 [INFO] DbBoards:156 - Kit is not supported: STEVAL-BFA001V1B
2024-09-30 13:41:30,608 [INFO] BoardInfo:879 - No configuration file found for board STEVAL-BFA001V2B
2024-09-30 13:41:30,608 [INFO] DbBoards:156 - Kit is not supported: STEVAL-BFA001V2B
2024-09-30 13:41:30,623 [INFO] BoardInfo:879 - No configuration file found for board STEVAL-MKBOXPRO
2024-09-30 13:41:30,624 [INFO] DbBoards:156 - Board is not supported: STEVAL-MKBOXPRO
2024-09-30 13:41:30,632 [INFO] BoardInfo:879 - No configuration file found for board STEVAL-PROTEUS1
2024-09-30 13:41:30,632 [INFO] DbBoards:156 - Board is not supported: STEVAL-PROTEUS1
2024-09-30 13:41:30,636 [INFO] BoardInfo:879 - No configuration file found for board STEVAL-SMARTAG2
2024-09-30 13:41:30,636 [INFO] DbBoards:156 - Board is not supported: STEVAL-SMARTAG2
2024-09-30 13:41:30,898 [INFO] BoardInfo:879 - No configuration file found for board STM32H573I-DK
2024-09-30 13:41:30,899 [INFO] DbBoards:156 - Board is not supported: STM32H573I-DK
2024-09-30 13:41:30,962 [INFO] BoardInfo:879 - No configuration file found for board STM32H7S78-DK
2024-09-30 13:41:30,963 [INFO] DbBoards:156 - Board is not supported: STM32H7S78-DK
2024-09-30 13:41:31,050 [INFO] BoardInfo:879 - No configuration file found for board STM32MP257F-DK
2024-09-30 13:41:31,051 [INFO] DbBoards:156 - Board is not supported: STM32MP257F-DK
2024-09-30 13:41:31,057 [INFO] BoardInfo:879 - No configuration file found for board STM32MP257F-EV1
2024-09-30 13:41:31,058 [INFO] DbBoards:156 - Board is not supported: STM32MP257F-EV1
2024-09-30 13:41:31,062 [INFO] BoardInfo:879 - No configuration file found for board STM32U083C-DK
2024-09-30 13:41:31,062 [INFO] DbBoards:156 - Board is not supported: STM32U083C-DK
2024-09-30 13:41:31,070 [INFO] BoardInfo:879 - No configuration file found for board STM32U5A9J-DK
2024-09-30 13:41:31,071 [INFO] DbBoards:156 - Board is not supported: STM32U5A9J-DK
2024-09-30 13:41:31,074 [INFO] BoardInfo:879 - No configuration file found for board STM32U5G9J-DK1
2024-09-30 13:41:31,074 [INFO] DbBoards:156 - Board is not supported: STM32U5G9J-DK1
2024-09-30 13:41:31,078 [INFO] BoardInfo:879 - No configuration file found for board STM32U5G9J-DK2
2024-09-30 13:41:31,078 [INFO] DbBoards:156 - Board is not supported: STM32U5G9J-DK2
2024-09-30 13:41:31,091 [INFO] BoardInfo:879 - No configuration file found for board STM32WBA55G-DK1
2024-09-30 13:41:31,091 [INFO] DbBoards:156 - Board is not supported: STM32WBA55G-DK1
2024-09-30 13:41:31,091 [INFO] DbBoards:160 - Found 200 boards, 170 are supported
2024-09-30 13:41:31,113 [INFO] ApiDb:418 - Load user favorites file C:\Users\User/.stm32cubeide/favorites.boards.txt: 0 item(s)
2024-09-30 13:41:31,113 [INFO] ApiDb:422 - User favorites Boards=[]
2024-09-30 13:41:31,114 [INFO] DbBoards:189 - Set 0 / 0 favorites Boards
2024-09-30 13:43:25,515 [INFO] MainUpdater:2768 - connection check result : 10
2024-09-30 13:43:25,516 [INFO] MainUpdater:2768 - connection check result : 10
2024-09-30 13:43:25,563 [INFO] MicroXplorer:451 - Change Database Path : 
2024-09-30 13:43:25,568 [INFO] MicroXplorer:481 - Change Database Version : DB.6.0.60
2024-09-30 13:43:25,571 [WARN] ThirdParty:827 - waiting for thirdparty lock release [close project]
2024-09-30 13:43:25,571 [INFO] ThirdParty:829 - entering critical section [close project]
2024-09-30 13:43:25,573 [INFO] ThirdParty:839 - exiting critical section [close project]
2024-09-30 13:43:25,590 [INFO] PinOutPanel:1468 - setPackage(No Configuration,No Configuration)
2024-09-30 13:43:25,640 [INFO] UtilMem:74 - Begin LoadConfig() Used Memory: 662172112 Bytes (715128832)
2024-09-30 13:43:25,643 [INFO] MicroXplorer:451 - Change Database Path : 
2024-09-30 13:43:25,643 [INFO] MicroXplorer:481 - Change Database Version : DB.6.0.60
2024-09-30 13:43:25,643 [INFO] OpenFileManager:307 - Change cursor
2024-09-30 13:43:25,854 [INFO] Mcu:1922 - Initializing MCU STM32F103C6Tx STM32F103C6Tx 
2024-09-30 13:43:25,861 [INFO] Mcu:1935 - No CPN specified => set CPN to STM32F103C6T6A
2024-09-30 13:43:29,395 [INFO] Context:654 - Trying to add GPIOservice into a context  which must be forbidden
2024-09-30 13:43:30,044 [INFO] ImportTextPane:193 - (OptionalMessage_ERROR) Unable to find key (Mcu.ThirdPartyNb) in loaded IOC file
2024-09-30 13:43:30,044 [INFO] ImportTextPane:193 - (OptionalMessage_ERROR) Unable to find key (Mcu.PinsNb) in loaded IOC file
2024-09-30 13:43:30,044 [INFO] ImportTextPane:193 - (OptionalMessage_ERROR) Unable to find key (Mcu.IPNb) in loaded IOC file
2024-09-30 13:43:30,243 [WARN] ApiManager:308 - Cannot register API 'Board Extension:NFC09A1' from pack STMicroelectronics.X-CUBE-NFC9.1.0.0: no header file found
2024-09-30 13:43:30,251 [WARN] ApiManager:308 - Cannot register API 'Board Extension:GNSS1A1' from pack STMicroelectronics.X-CUBE-GNSS1.6.0.0: no header file found
2024-09-30 13:43:30,251 [WARN] ApiManager:308 - Cannot register API 'Board Support:Custom' from pack STMicroelectronics.X-CUBE-GNSS1.6.0.0: no header file found
2024-09-30 13:43:30,251 [WARN] ApiManager:308 - Cannot register API 'Data Exchange:lib_gnss' from pack STMicroelectronics.X-CUBE-GNSS1.6.0.0: no header file found
2024-09-30 13:43:30,287 [WARN] ApiManager:308 - Cannot register API 'Board Extension:GNSS1A1' from pack STMicroelectronics.X-CUBE-GNSS1.7.0.0: no header file found
2024-09-30 13:43:30,288 [WARN] ApiManager:308 - Cannot register API 'Board Support:Custom' from pack STMicroelectronics.X-CUBE-GNSS1.7.0.0: no header file found
2024-09-30 13:43:30,288 [WARN] ApiManager:308 - Cannot register API 'Data Exchange:lib_gnss' from pack STMicroelectronics.X-CUBE-GNSS1.7.0.0: no header file found
2024-09-30 13:43:30,338 [WARN] ApiManager:308 - Cannot register API 'Board Extension:NFC06A1' from pack STMicroelectronics.X-CUBE-NFC6.3.1.0: no header file found
2024-09-30 13:43:30,338 [WARN] ApiManager:308 - Cannot register API 'Board Extension:NFC08A1' from pack STMicroelectronics.X-CUBE-NFC6.3.1.0: no header file found
2024-09-30 13:43:31,080 [WARN] ApiManager:308 - Cannot register API 'Board Extension:IKS01A3' from pack STMicroelectronics.X-CUBE-MEMS1.11.0.0: no header file found
2024-09-30 13:43:31,080 [WARN] ApiManager:308 - Cannot register API 'Board Extension:IKS02A1' from pack STMicroelectronics.X-CUBE-MEMS1.11.0.0: no header file found
2024-09-30 13:43:31,081 [WARN] ApiManager:308 - Cannot register API 'Board Extension:IKS4A1' from pack STMicroelectronics.X-CUBE-MEMS1.11.0.0: no header file found
2024-09-30 13:43:31,107 [INFO] RtosManager:488 - Registered RTOS mode: class=CMSIS, group=RTOS, mode=CMSIS_V1, owner=FREERTOS
2024-09-30 13:43:31,108 [INFO] RtosManager:488 - Registered RTOS mode: class=CMSIS, group=RTOS2, mode=CMSIS_V2, owner=FREERTOS
2024-09-30 13:43:31,108 [INFO] RtosManager:488 - Registered RTOS mode: class=RTOS, group=Core, mode=CMSIS_V1, owner=FREERTOS
2024-09-30 13:43:31,108 [INFO] RtosManager:488 - Registered RTOS mode: class=RTOS, group=Core, mode=CMSIS_V2, owner=FREERTOS
2024-09-30 13:43:31,109 [WARN] ModelIntegratedComponent:185 - Missing modes for component STMicroelectronics:FreeRTOS:0.0.1:STMicroelectronics:RTOS:FreeRTOS:Core:::10.2.0:
2024-09-30 13:43:31,115 [WARN] ApiManager:308 - Cannot register API 'Board Extension:STSAFEA1' from pack STMicroelectronics.X-CUBE-SAFEA1.1.2.2: no header file found
2024-09-30 13:43:31,116 [WARN] ApiManager:308 - Cannot register API 'Board Part:STSAFEA110' from pack STMicroelectronics.X-CUBE-SAFEA1.1.2.2: no header file found
2024-09-30 13:43:31,116 [WARN] ApiManager:308 - Cannot register API 'Security:ST_Cryptolib' from pack STMicroelectronics.X-CUBE-SAFEA1.1.2.2: no header file found
2024-09-30 13:43:31,117 [WARN] ApiManager:308 - Cannot register API 'Security:MbedTLS' from pack STMicroelectronics.X-CUBE-SAFEA1.1.2.2: no header file found
2024-09-30 13:43:31,118 [WARN] ApiManager:308 - Cannot register API 'Board Extension:NFC04A1' from pack STMicroelectronics.X-CUBE-NFC4.3.0.0: no header file found
2024-09-30 13:43:31,136 [WARN] ApiManager:308 - Cannot register API 'Board Extension:S2868A1' from pack STMicroelectronics.X-CUBE-SUBG2.5.0.0: no header file found
2024-09-30 13:43:31,137 [WARN] ApiManager:308 - Cannot register API 'Board Extension:S2868A2' from pack STMicroelectronics.X-CUBE-SUBG2.5.0.0: no header file found
2024-09-30 13:43:31,143 [WARN] ApiManager:308 - Cannot register API 'Board Extension:S2915A1' from pack STMicroelectronics.X-CUBE-SUBG2.5.0.0: no header file found
2024-09-30 13:43:31,180 [WARN] ApiManager:308 - Cannot register API 'Wireless:BlueNRG-MS' from pack STMicroelectronics.X-CUBE-BLE1.7.0.0: no header file found
2024-09-30 13:43:31,182 [WARN] ApiManager:308 - Cannot register API 'Board Extension:NFC10A1' from pack STMicroelectronics.X-CUBE-NFC10.1.0.0: no header file found
2024-09-30 13:43:31,188 [WARN] ApiManager:308 - Cannot register API 'Board Extension:EEPRMA2' from pack STMicroelectronics.X-CUBE-EEPRMA1.5.1.0: no header file found
2024-09-30 13:43:31,189 [WARN] ApiManager:308 - Cannot register API 'Board Extension:PGEEZ1' from pack STMicroelectronics.X-CUBE-EEPRMA1.5.1.0: no header file found
2024-09-30 13:43:31,189 [WARN] ApiManager:308 - Cannot register API 'Board Extension:EEICA1' from pack STMicroelectronics.X-CUBE-EEPRMA1.5.1.0: no header file found
2024-09-30 13:43:31,189 [WARN] ApiManager:308 - Cannot register API 'Board Part:M24' from pack STMicroelectronics.X-CUBE-EEPRMA1.5.1.0: no header file found
2024-09-30 13:43:31,189 [WARN] ApiManager:308 - Cannot register API 'Board Part:M95' from pack STMicroelectronics.X-CUBE-EEPRMA1.5.1.0: no header file found
2024-09-30 13:43:31,189 [WARN] ApiManager:308 - Cannot register API 'Board Part:M95P32' from pack STMicroelectronics.X-CUBE-EEPRMA1.5.1.0: no header file found
2024-09-30 13:43:31,189 [WARN] ApiManager:308 - Cannot register API 'Board Part:M24256E-F' from pack STMicroelectronics.X-CUBE-EEPRMA1.5.1.0: no header file found
2024-09-30 13:43:31,190 [WARN] ApiManager:308 - Cannot register API 'Board Part:M24M01E-F' from pack STMicroelectronics.X-CUBE-EEPRMA1.5.1.0: no header file found
2024-09-30 13:43:31,190 [WARN] ApiManager:308 - Cannot register API 'PGEEZ1:SPI' from pack STMicroelectronics.X-CUBE-EEPRMA1.5.1.0: no header file found
2024-09-30 13:43:31,190 [WARN] ApiManager:308 - Cannot register API 'PGEEZ1:QDSPI' from pack STMicroelectronics.X-CUBE-EEPRMA1.5.1.0: no header file found
2024-09-30 13:43:31,198 [WARN] ModelIntegratedComponent:64 - No mode defined for component null
2024-09-30 13:43:31,198 [WARN] ModelIntegratedComponent:64 - No mode defined for component null
2024-09-30 13:43:31,198 [WARN] ModelIntegratedComponent:64 - No mode defined for component null
2024-09-30 13:43:31,199 [WARN] ModelIntegratedComponent:64 - No mode defined for component null
2024-09-30 13:43:31,199 [WARN] ModelIntegratedComponent:64 - No mode defined for component null
2024-09-30 13:43:31,199 [WARN] ModelIntegratedComponent:64 - No mode defined for component null
2024-09-30 13:43:31,199 [WARN] ModelIntegratedComponent:64 - No mode defined for component null
2024-09-30 13:43:31,199 [WARN] ModelIntegratedComponent:64 - No mode defined for component null
2024-09-30 13:43:31,199 [WARN] ModelIntegratedComponent:64 - No mode defined for component null
2024-09-30 13:43:31,199 [WARN] ModelIntegratedComponent:64 - No mode defined for component null
2024-09-30 13:43:31,200 [WARN] ModelIntegratedComponent:64 - No mode defined for component null
2024-09-30 13:43:31,200 [WARN] ModelIntegratedComponent:64 - No mode defined for component null
2024-09-30 13:43:31,200 [WARN] ModelIntegratedComponent:64 - No mode defined for component null
2024-09-30 13:43:31,200 [WARN] ModelIntegratedComponent:64 - No mode defined for component null
2024-09-30 13:43:31,200 [WARN] ModelIntegratedComponent:64 - No mode defined for component null
2024-09-30 13:43:31,200 [WARN] ModelIntegratedComponent:64 - No mode defined for component null
2024-09-30 13:43:31,200 [WARN] ModelIntegratedComponent:64 - No mode defined for component null
2024-09-30 13:43:31,201 [WARN] ModelIntegratedComponent:64 - No mode defined for component null
2024-09-30 13:43:31,201 [WARN] ModelIntegratedComponent:64 - No mode defined for component null
2024-09-30 13:43:31,201 [WARN] ModelIntegratedComponent:64 - No mode defined for component null
2024-09-30 13:43:31,201 [WARN] ModelIntegratedComponent:64 - No mode defined for component null
2024-09-30 13:43:31,201 [WARN] ModelIntegratedComponent:64 - No mode defined for component null
2024-09-30 13:43:31,202 [WARN] ModelIntegratedComponent:64 - No mode defined for component null
2024-09-30 13:43:31,202 [WARN] ModelIntegratedComponent:64 - No mode defined for component null
2024-09-30 13:43:31,202 [WARN] ModelIntegratedComponent:64 - No mode defined for component null
2024-09-30 13:43:31,202 [WARN] ModelIntegratedComponent:64 - No mode defined for component null
2024-09-30 13:43:31,202 [WARN] ModelIntegratedComponent:64 - No mode defined for component null
2024-09-30 13:43:31,203 [WARN] ModelIntegratedComponent:64 - No mode defined for component null
2024-09-30 13:43:31,203 [WARN] ModelIntegratedComponent:64 - No mode defined for component null
2024-09-30 13:43:31,203 [WARN] ModelIntegratedComponent:64 - No mode defined for component null
2024-09-30 13:43:31,203 [WARN] ModelIntegratedComponent:64 - No mode defined for component null
2024-09-30 13:43:31,203 [WARN] ModelIntegratedComponent:64 - No mode defined for component null
2024-09-30 13:43:31,203 [WARN] ModelIntegratedComponent:64 - No mode defined for component null
2024-09-30 13:43:31,666 [WARN] ApiManager:308 - Cannot register API 'Board Extension:IKS01A3' from pack STMicroelectronics.X-CUBE-MEMS1.10.0.0: no header file found
2024-09-30 13:43:31,667 [WARN] ApiManager:308 - Cannot register API 'Board Extension:IKS02A1' from pack STMicroelectronics.X-CUBE-MEMS1.10.0.0: no header file found
2024-09-30 13:43:31,667 [WARN] ApiManager:308 - Cannot register API 'Board Extension:IKS4A1' from pack STMicroelectronics.X-CUBE-MEMS1.10.0.0: no header file found
2024-09-30 13:43:31,719 [WARN] ApiManager:308 - Cannot register API 'Board Extension:NFC07A1' from pack STMicroelectronics.X-CUBE-NFC7.1.0.1: no header file found
2024-09-30 13:43:31,760 [WARN] ApiManager:308 - Cannot register API 'Board Extension:S2868A1' from pack STMicroelectronics.X-CUBE-SFXS2LP1.4.0.0: no header file found
2024-09-30 13:43:31,760 [WARN] ApiManager:308 - Cannot register API 'Board Extension:S2868A2' from pack STMicroelectronics.X-CUBE-SFXS2LP1.4.0.0: no header file found
2024-09-30 13:43:31,760 [WARN] ApiManager:308 - Cannot register API 'Board Extension:S2915A1' from pack STMicroelectronics.X-CUBE-SFXS2LP1.4.0.0: no header file found
2024-09-30 13:43:31,762 [WARN] ApiManager:308 - Cannot register API 'Wireless:BlueNRG-2' from pack STMicroelectronics.X-CUBE-BLE2.3.3.0: no header file found
2024-09-30 13:43:31,806 [INFO] ThirdPartyModel:289 - Start build external matchings
2024-09-30 13:43:33,691 [INFO] ThirdPartyModel:302 - End build external matchings
2024-09-30 13:43:34,078 [INFO] UtilMem:74 - End LoadConfig() Used Memory: 639003424 Bytes (809500672)
2024-09-30 13:43:34,122 [WARN] ThirdParty:789 - waiting for thirdparty lock release [change project]
2024-09-30 13:43:34,122 [INFO] ThirdParty:791 - entering critical section [change project]
2024-09-30 13:43:34,122 [INFO] ThirdParty:981 - CMSIS Pack Vendor :STMicroelectronics X-CUBE-AZRTOS-H7 3.3.0
2024-09-30 13:43:34,123 [INFO] ThirdParty:981 - CMSIS Pack Vendor :STMicroelectronics X-CUBE-NFC9 1.0.0
2024-09-30 13:43:34,123 [INFO] ThirdParty:981 - CMSIS Pack Vendor :STMicroelectronics X-CUBE-GNSS1 6.0.0
2024-09-30 13:43:34,123 [INFO] ThirdParty:981 - CMSIS Pack Vendor :STMicroelectronics USB_HOST 2.0.0
2024-09-30 13:43:34,123 [INFO] ThirdParty:981 - CMSIS Pack Vendor :STMicroelectronics FP-SNS-MOTENVWB1 1.4.0
2024-09-30 13:43:34,124 [INFO] ThirdParty:981 - CMSIS Pack Vendor :STMicroelectronics X-CUBE-AZRTOS-F4 1.1.0
2024-09-30 13:43:34,124 [INFO] ThirdParty:981 - CMSIS Pack Vendor :STMicroelectronics LIBJPEG 8.0.0
2024-09-30 13:43:34,124 [INFO] ThirdParty:981 - CMSIS Pack Vendor :STMicroelectronics X-CUBE-SMBUS 2.1.0
2024-09-30 13:43:34,124 [INFO] ThirdParty:981 - CMSIS Pack Vendor :STMicroelectronics USB_DEVICE 3.0.0
2024-09-30 13:43:34,124 [INFO] ThirdParty:981 - CMSIS Pack Vendor :STMicroelectronics X-CUBE-TCPP 4.1.0
2024-09-30 13:43:34,124 [INFO] ThirdParty:981 - CMSIS Pack Vendor :STMicroelectronics X-CUBE-ISPU 2.1.0
2024-09-30 13:43:34,125 [INFO] ThirdParty:981 - CMSIS Pack Vendor :STMicroelectronics X-CUBE-FREERTOS 1.2.0
2024-09-30 13:43:34,125 [INFO] ThirdParty:981 - CMSIS Pack Vendor :STMicroelectronics X-CUBE-AZRTOS-WB 2.0.0
2024-09-30 13:43:34,125 [INFO] ThirdParty:981 - CMSIS Pack Vendor :STMicroelectronics X-CUBE-GNSS1 7.0.0
2024-09-30 13:43:34,125 [INFO] ThirdParty:981 - CMSIS Pack Vendor :STMicroelectronics X-CUBE-TOUCHGFX 4.23.2
2024-09-30 13:43:34,125 [INFO] ThirdParty:981 - CMSIS Pack Vendor :STMicroelectronics X-CUBE-AZRTOS-F7 1.1.0
2024-09-30 13:43:34,125 [INFO] ThirdParty:981 - CMSIS Pack Vendor :STMicroelectronics X-CUBE-AZRTOS-L5 2.0.0
2024-09-30 13:43:34,125 [INFO] ThirdParty:981 - CMSIS Pack Vendor :STMicroelectronics USB_DEVICE 2.0.0
2024-09-30 13:43:34,126 [INFO] ThirdParty:981 - CMSIS Pack Vendor :STMicroelectronics X-CUBE-NFC6 3.1.0
2024-09-30 13:43:34,126 [INFO] ThirdParty:981 - CMSIS Pack Vendor :STMicroelectronics X-CUBE-ALGOBUILD 1.3.0
2024-09-30 13:43:34,126 [INFO] ThirdParty:981 - CMSIS Pack Vendor :STMicroelectronics X-CUBE-MEMS1 11.0.0
2024-09-30 13:43:34,126 [INFO] ThirdParty:981 - CMSIS Pack Vendor :STMicroelectronics FreeRTOS 0.0.1
2024-09-30 13:43:34,126 [INFO] ThirdParty:981 - CMSIS Pack Vendor :STMicroelectronics X-CUBE-AZRTOS-G0 1.1.0
2024-09-30 13:43:34,126 [INFO] ThirdParty:981 - CMSIS Pack Vendor :STMicroelectronics X-CUBE-SAFEA1 1.2.2
2024-09-30 13:43:34,126 [INFO] ThirdParty:981 - CMSIS Pack Vendor :STMicroelectronics X-CUBE-NFC4 3.0.0
2024-09-30 13:43:34,126 [INFO] ThirdParty:981 - CMSIS Pack Vendor :STMicroelectronics X-CUBE-SUBG2 5.0.0
2024-09-30 13:43:34,130 [INFO] ThirdParty:981 - CMSIS Pack Vendor :STMicroelectronics STM32_WPAN 1.0.0
2024-09-30 13:43:34,131 [INFO] ThirdParty:981 - CMSIS Pack Vendor :wolfSSL I-CUBE-wolfMQTT 1.18.0
2024-09-30 13:43:34,131 [INFO] ThirdParty:981 - CMSIS Pack Vendor :STMicroelectronics lwIP 2.0.3
2024-09-30 13:43:34,131 [INFO] ThirdParty:981 - CMSIS Pack Vendor :STMicroelectronics FP-SNS-FLIGHT1 5.0.2
2024-09-30 13:43:34,132 [INFO] ThirdParty:981 - CMSIS Pack Vendor :STMicroelectronics USB_HOST 1.0.0
2024-09-30 13:43:34,132 [INFO] ThirdParty:981 - CMSIS Pack Vendor :STMicroelectronics X-CUBE-AI 9.0.0
2024-09-30 13:43:34,132 [INFO] ThirdParty:981 - CMSIS Pack Vendor :STMicroelectronics X-CUBE-AZRTOS-G4 2.0.0
2024-09-30 13:43:34,132 [INFO] ThirdParty:981 - CMSIS Pack Vendor :STMicroelectronics PDM2PCM 3.1.0
2024-09-30 13:43:34,132 [INFO] ThirdParty:981 - CMSIS Pack Vendor :STMicroelectronics PDM2PCM 3.3.0
2024-09-30 13:43:34,132 [INFO] ThirdParty:981 - CMSIS Pack Vendor :STMicroelectronics X-CUBE-DISPLAY 3.0.0
2024-09-30 13:43:34,132 [INFO] ThirdParty:981 - CMSIS Pack Vendor :wolfSSL I-CUBE-wolfSSL 5.7.0
2024-09-30 13:43:34,133 [INFO] ThirdParty:981 - CMSIS Pack Vendor :STMicroelectronics X-CUBE-BLE1 7.0.0
2024-09-30 13:43:34,133 [INFO] ThirdParty:981 - CMSIS Pack Vendor :STMicroelectronics FP-ATR-SIGFOX1 3.2.0
2024-09-30 13:43:34,133 [INFO] ThirdParty:981 - CMSIS Pack Vendor :STMicroelectronics X-CUBE-NFC10 1.0.0
2024-09-30 13:43:34,133 [INFO] ThirdParty:981 - CMSIS Pack Vendor :STMicroelectronics X-CUBE-ISPU 2.0.0
2024-09-30 13:43:34,133 [INFO] ThirdParty:981 - CMSIS Pack Vendor :STMicroelectronics X-CUBE-EEPRMA1 5.1.0
2024-09-30 13:43:34,133 [INFO] ThirdParty:981 - CMSIS Pack Vendor :STMicroelectronics HAL Drivers 0.0.0
2024-09-30 13:43:34,133 [INFO] ThirdParty:981 - CMSIS Pack Vendor :STMicroelectronics MBEDTLS 2.16.2
2024-09-30 13:43:34,134 [INFO] ThirdParty:981 - CMSIS Pack Vendor :STMicroelectronics X-CUBE-ALS 1.0.2
2024-09-30 13:43:34,134 [INFO] ThirdParty:981 - CMSIS Pack Vendor :emotas I-CUBE-CANOPEN 1.3.0
2024-09-30 13:43:34,134 [INFO] ThirdParty:981 - CMSIS Pack Vendor :STMicroelectronics X-CUBE-MEMS1 10.0.0
2024-09-30 13:43:34,134 [INFO] ThirdParty:981 - CMSIS Pack Vendor :STMicroelectronics X-CUBE-NFC7 1.0.1
2024-09-30 13:43:34,134 [INFO] ThirdParty:981 - CMSIS Pack Vendor :STMicroelectronics MBEDTLS 2.14.1
2024-09-30 13:43:34,135 [INFO] ThirdParty:981 - CMSIS Pack Vendor :STMicroelectronics X-CUBE-TOUCHGFX 4.24.0
2024-09-30 13:43:34,135 [INFO] ThirdParty:981 - CMSIS Pack Vendor :ITTIA_DB I-CUBE-ITTIADB 8.9.0
2024-09-30 13:43:34,135 [INFO] ThirdParty:981 - CMSIS Pack Vendor :wolfSSL I-CUBE-wolfTPM 3.2.0
2024-09-30 13:43:34,135 [INFO] ThirdParty:981 - CMSIS Pack Vendor :STMicroelectronics X-CUBE-TOUCHGFX 4.24.1
2024-09-30 13:43:34,135 [INFO] ThirdParty:981 - CMSIS Pack Vendor :portGmbH I-Cube-SoM-uGOAL 1.1.0
2024-09-30 13:43:34,136 [INFO] ThirdParty:981 - CMSIS Pack Vendor :STMicroelectronics X-CUBE-ALS 1.0.1
2024-09-30 13:43:34,136 [INFO] ThirdParty:981 - CMSIS Pack Vendor :STMicroelectronics X-CUBE-BLEMGR 3.1.0
2024-09-30 13:43:34,136 [INFO] ThirdParty:981 - CMSIS Pack Vendor :STMicroelectronics ThreadX 1.0.0
2024-09-30 13:43:34,137 [INFO] ThirdParty:981 - CMSIS Pack Vendor :STMicroelectronics FP-SNS-SMARTAG2 1.2.0
2024-09-30 13:43:34,137 [INFO] ThirdParty:981 - CMSIS Pack Vendor :STMicroelectronics X-CUBE-AZRTOS-WL 2.0.0
2024-09-30 13:43:34,137 [INFO] ThirdParty:981 - CMSIS Pack Vendor :SEGGER I-CUBE-embOS 1.3.1
2024-09-30 13:43:34,138 [INFO] ThirdParty:981 - CMSIS Pack Vendor :STMicroelectronics X-CUBE-ALGOBUILD 1.4.0
2024-09-30 13:43:34,138 [INFO] ThirdParty:981 - CMSIS Pack Vendor :STMicroelectronics FP-SNS-MOTENV1 5.0.0
2024-09-30 13:43:34,138 [INFO] ThirdParty:981 - CMSIS Pack Vendor :STMicroelectronics USB_DEVICE 1.0.0
2024-09-30 13:43:34,138 [INFO] ThirdParty:981 - CMSIS Pack Vendor :STMicroelectronics X-CUBE-AZRTOS-H7RS 1.0.0
2024-09-30 13:43:34,138 [INFO] ThirdParty:981 - CMSIS Pack Vendor :wolfSSL I-CUBE-wolfMQTT 1.19.0
2024-09-30 13:43:34,139 [INFO] ThirdParty:981 - CMSIS Pack Vendor :STMicroelectronics X-CUBE-AZRTOS-L4 2.0.0
2024-09-30 13:43:34,139 [INFO] ThirdParty:981 - CMSIS Pack Vendor :STMicroelectronics ThreadX 0.0.2
2024-09-30 13:43:34,139 [INFO] ThirdParty:981 - CMSIS Pack Vendor :WES I-CUBE-Cesium 1.3.0
2024-09-30 13:43:34,140 [INFO] ThirdParty:981 - CMSIS Pack Vendor :STMicroelectronics FP-ATR-ASTRA1 2.0.0
2024-09-30 13:43:34,140 [INFO] ThirdParty:981 - CMSIS Pack Vendor :STMicroelectronics lwIP 2.1.2
2024-09-30 13:43:34,140 [INFO] ThirdParty:981 - CMSIS Pack Vendor :STMicroelectronics X-CUBE-SFXS2LP1 4.0.0
2024-09-30 13:43:34,140 [INFO] ThirdParty:981 - CMSIS Pack Vendor :STMicroelectronics X-CUBE-BLE2 3.3.0
2024-09-30 13:43:34,140 [INFO] ThirdParty:981 - CMSIS Pack Vendor :STMicroelectronics X-CUBE-TOF1 3.4.1
2024-09-30 13:43:34,141 [INFO] ThirdParty:981 - CMSIS Pack Vendor :STMicroelectronics X-CUBE-AZRTOS-H7 3.2.0
2024-09-30 13:43:34,141 [INFO] ThirdParty:981 - CMSIS Pack Vendor :Infineon AIROC-Wi-Fi-Bluetooth-STM32 1.6.0
2024-09-30 13:43:34,141 [INFO] ThirdParty:981 - CMSIS Pack Vendor :STMicroelectronics PDM2PCM 3.2.0
2024-09-30 13:43:34,141 [INFO] ThirdParty:981 - CMSIS Pack Vendor :wolfSSL I-CUBE-wolfSSH 1.4.17
2024-09-30 13:43:34,141 [INFO] ThirdParty:797 - exiting critical section [change project]
2024-09-30 13:43:34,714 [INFO] PinOutPanel:1468 - setPackage(No Configuration,No Configuration)
2024-09-30 13:43:34,716 [INFO] PinOutPanel:1468 - setPackage(STM32F103C6Tx,LQFP48)
2024-09-30 13:43:35,839 [INFO] UtilMem:74 - Before build in PCC Used Memory: 683698840 Bytes (809500672)
2024-09-30 13:43:37,390 [INFO] UtilMem:74 - After build in PCC Used Memory: 650199552 Bytes (834666496)
2024-09-30 13:43:37,447 [INFO] IPUIPlugin:79 - create IPUIPlugin
2024-09-30 13:43:37,447 [INFO] IPUIPlugin:79 - create IPUIPlugin
2024-09-30 13:43:37,447 [INFO] IPUIPlugin:79 - create IPUIPlugin
2024-09-30 13:43:37,448 [INFO] IPUIPlugin:79 - create IPUIPlugin
2024-09-30 13:43:37,448 [INFO] IPUIPlugin:79 - create IPUIPlugin
2024-09-30 13:43:37,448 [INFO] IPUIPlugin:79 - create IPUIPlugin
2024-09-30 13:43:37,449 [INFO] IPUIPlugin:79 - create IPUIPlugin
2024-09-30 13:43:37,449 [INFO] IPUIPlugin:79 - create IPUIPlugin
2024-09-30 13:43:37,449 [INFO] IPUIPlugin:79 - create IPUIPlugin
2024-09-30 13:43:37,450 [INFO] IPUIPlugin:79 - create IPUIPlugin
2024-09-30 13:43:37,450 [INFO] IPUIPlugin:79 - create IPUIPlugin
2024-09-30 13:43:37,451 [INFO] IPUIPlugin:79 - create IPUIPlugin
2024-09-30 13:43:37,451 [INFO] IPUIPlugin:79 - create IPUIPlugin
2024-09-30 13:43:37,454 [INFO] IPUIPlugin:79 - create IPUIPlugin
2024-09-30 13:43:37,455 [INFO] IPUIPlugin:79 - create IPUIPlugin
2024-09-30 13:43:37,455 [INFO] IPUIPlugin:79 - create IPUIPlugin
2024-09-30 13:43:37,456 [INFO] IPUIPlugin:79 - create IPUIPlugin
2024-09-30 13:43:37,457 [INFO] IPUIPlugin:79 - create IPUIPlugin
2024-09-30 13:43:37,457 [INFO] IPUIPlugin:79 - create IPUIPlugin
2024-09-30 13:43:37,458 [INFO] IPUIPlugin:79 - create IPUIPlugin
2024-09-30 13:43:37,459 [INFO] IPUIPlugin:79 - create IPUIPlugin
2024-09-30 13:43:37,460 [INFO] IPUIPlugin:79 - create IPUIPlugin
2024-09-30 13:43:37,460 [INFO] IPUIPlugin:79 - create IPUIPlugin
2024-09-30 13:43:37,890 [INFO] OpenFileManager:327 - Restore cursor
2024-09-30 13:43:40,060 [INFO] UtilMem:74 - End SaveConfig() Used Memory: 645930296 Bytes (834666496)
2024-09-30 13:43:40,171 [INFO] UtilMem:74 - End SaveConfig() Used Memory: 657813984 Bytes (834666496)
2024-09-30 13:43:41,225 [INFO] BlockDiagram:2753 - set Specific Code input for plugin: NVIC
2024-09-30 13:43:41,225 [INFO] BlockDiagram:2753 - set Specific Code input for plugin: RCC
2024-09-30 13:43:41,228 [INFO] CodeGenerator:690 - code generatio: config db path: D:\BKRA\KEIL C test\STM32CubeIDE_1.10.1\STM32CubeIDE\plugins\com.st.stm32cube.common.mx_6.6.1.202207061420\\db\
2024-09-30 13:43:42,008 [INFO] CodeEngine:245 - oldGeneratedFile, D:\BKU\Year 3\VXL-VDK\git3\lab3\MXTmpFiles\license.tmp_save
2024-09-30 13:43:42,945 [INFO] CodeEngine:269 - Generated code: D:\BKU\Year 3\VXL-VDK\git3\lab3\MXTmpFiles\license.tmp
2024-09-30 13:43:42,970 [INFO] CodeEngine:245 - oldGeneratedFile, D:\BKU\Year 3\VXL-VDK\git3\lab3\Core\Src\stm32f1xx_it.c_save
2024-09-30 13:43:43,354 [INFO] CodeEngine:269 - Generated code: D:\BKU\Year 3\VXL-VDK\git3\lab3\Core\Src\stm32f1xx_it.c
2024-09-30 13:43:43,361 [INFO] CodeEngine:245 - oldGeneratedFile, D:\BKU\Year 3\VXL-VDK\git3\lab3\Core\Inc\stm32f1xx_it.h_save
2024-09-30 13:43:43,761 [INFO] CodeEngine:269 - Generated code: D:\BKU\Year 3\VXL-VDK\git3\lab3\Core\Inc\stm32f1xx_it.h
2024-09-30 13:43:43,950 [INFO] CodeEngine:245 - oldGeneratedFile, D:\BKU\Year 3\VXL-VDK\git3\lab3\Core\Src\stm32f1xx_hal_msp.c_save
2024-09-30 13:43:44,277 [INFO] CodeEngine:269 - Generated code: D:\BKU\Year 3\VXL-VDK\git3\lab3\Core\Src\stm32f1xx_hal_msp.c
2024-09-30 13:43:44,283 [INFO] CodeEngine:245 - oldGeneratedFile, D:\BKU\Year 3\VXL-VDK\git3\lab3\MXTmpFiles\system.tmp_save
2024-09-30 13:43:44,433 [INFO] CodeEngine:269 - Generated code: D:\BKU\Year 3\VXL-VDK\git3\lab3\MXTmpFiles\system.tmp
2024-09-30 13:43:44,447 [INFO] CodeEngine:245 - oldGeneratedFile, D:\BKU\Year 3\VXL-VDK\git3\lab3\Core\Inc\stm32f1xx_hal_conf.h_save
2024-09-30 13:43:44,691 [INFO] CodeEngine:269 - Generated code: D:\BKU\Year 3\VXL-VDK\git3\lab3\Core\Inc\stm32f1xx_hal_conf.h
2024-09-30 13:43:44,763 [INFO] CodeEngine:245 - oldGeneratedFile, D:\BKU\Year 3\VXL-VDK\git3\lab3\Core\Inc\main.h_save
2024-09-30 13:43:44,972 [INFO] CodeEngine:269 - Generated code: D:\BKU\Year 3\VXL-VDK\git3\lab3\Core\Inc\main.h
2024-09-30 13:43:44,979 [INFO] CodeEngine:245 - oldGeneratedFile, D:\BKU\Year 3\VXL-VDK\git3\lab3\Core\Src\main.c_save
2024-09-30 13:43:45,337 [INFO] CodeEngine:269 - Generated code: D:\BKU\Year 3\VXL-VDK\git3\lab3\Core\Src\main.c
2024-09-30 13:43:48,185 [INFO] ProjectBuilder:2919 - Time for Copy HAL[1] : 471mS.
2024-09-30 13:43:48,231 [INFO] ProjectBuilder:4117 - Project Generator version: 3.17.1
2024-09-30 13:43:49,661 [INFO] ConfigFileManager:1394 - The Die is : DIE412
2024-09-30 13:43:49,707 [INFO] ApiDbMcu:505 - Load IP Config File for FATFS
2024-09-30 13:43:49,817 [INFO] ApiDbMcu:505 - Load IP Config File for FREERTOS
2024-09-30 13:43:49,900 [INFO] ApiDbMcu:505 - Load IP Config File for USB_DEVICE
2024-09-30 13:43:57,751 [INFO] ProjectBuilder:4285 - Time for Generating toolchain IDE Files: 9519mS.
2024-09-30 13:43:57,752 [INFO] ProjectBuilder:2790 - Time for Copy CMSIS : 0mS.
2024-09-30 13:43:57,757 [INFO] ProjectBuilder:2790 - Time for Copy CMSIS : 0mS.
2024-09-30 13:43:59,047 [INFO] McuFinderGlobals:57 - Set McuFinderConnectedMode to true
2024-09-30 13:43:59,051 [INFO] ApiDb:443 - Save user favorites file C:\Users\User/.stm32cubeide/favorites.mcus.txt: 0 item(s)
2024-09-30 13:43:59,052 [INFO] ApiDb:447 - User favorites MCUs=[]
2024-09-30 13:51:38,352 [INFO] NvicIntPanel:100 - NVIC parent = com.st.microxplorer.plugins.ip.nvic.MultiNvicIntPanel[,0,0,0x0,invalid,layout=javax.swing.BoxLayout,alignmentX=0.0,alignmentY=0.0,border=,flags=9,maximumSize=,minimumSize=,preferredSize=]
2024-09-30 13:51:39,934 [INFO] NvicIntPanel:100 - NVIC parent = com.st.microxplorer.plugins.ip.nvic.MultiNvicIntPanel[,0,0,0x0,invalid,layout=javax.swing.BoxLayout,alignmentX=0.0,alignmentY=0.0,border=,flags=9,maximumSize=,minimumSize=,preferredSize=]
2024-09-30 13:51:58,924 [INFO] NvicIntPanel:100 - NVIC parent = com.st.microxplorer.plugins.ip.nvic.MultiNvicIntPanel[,0,0,0x0,invalid,layout=javax.swing.BoxLayout,alignmentX=0.0,alignmentY=0.0,border=,flags=9,maximumSize=,minimumSize=,preferredSize=]
2024-09-30 13:52:18,364 [INFO] NvicIntPanel:100 - NVIC parent = com.st.microxplorer.plugins.ip.nvic.MultiNvicIntPanel[,0,0,476x173,layout=javax.swing.BoxLayout,alignmentX=0.0,alignmentY=0.0,border=,flags=9,maximumSize=,minimumSize=,preferredSize=]
2024-09-30 13:52:24,559 [INFO] UtilMem:74 - End SaveConfig() Used Memory: 1023062560 Bytes (1073741824)
2024-09-30 13:52:26,476 [INFO] UtilMem:74 - End SaveConfig() Used Memory: 1035843552 Bytes (1073741824)
2024-09-30 13:52:30,717 [INFO] UtilMem:74 - End SaveConfig() Used Memory: 620870784 Bytes (1073741824)
2024-09-30 13:52:31,905 [INFO] BlockDiagram:2753 - set Specific Code input for plugin: NVIC
2024-09-30 13:52:31,906 [INFO] BlockDiagram:2753 - set Specific Code input for plugin: GPIO
2024-09-30 13:52:31,906 [INFO] BlockDiagram:2753 - set Specific Code input for plugin: RCC
2024-09-30 13:52:31,907 [INFO] BlockDiagram:2753 - set Specific Code input for plugin: TIM1_8F1
2024-09-30 13:52:31,909 [INFO] CodeGenerator:690 - code generatio: config db path: D:\BKRA\KEIL C test\STM32CubeIDE_1.10.1\STM32CubeIDE\plugins\com.st.stm32cube.common.mx_6.6.1.202207061420\\db\
2024-09-30 13:52:32,370 [INFO] CodeEngine:245 - oldGeneratedFile, D:\BKU\Year 3\VXL-VDK\git3\lab3\MXTmpFiles\license.tmp_save
2024-09-30 13:52:32,648 [INFO] CodeEngine:269 - Generated code: D:\BKU\Year 3\VXL-VDK\git3\lab3\MXTmpFiles\license.tmp
2024-09-30 13:52:32,892 [INFO] CodeEngine:245 - oldGeneratedFile, D:\BKU\Year 3\VXL-VDK\git3\lab3\MXTmpFiles\gpio.tmp_save
2024-09-30 13:52:33,145 [INFO] CodeEngine:269 - Generated code: D:\BKU\Year 3\VXL-VDK\git3\lab3\MXTmpFiles\gpio.tmp
2024-09-30 13:52:33,501 [INFO] CodeEngine:245 - oldGeneratedFile, D:\BKU\Year 3\VXL-VDK\git3\lab3\Core\Src\stm32f1xx_it.c_save
2024-09-30 13:52:34,097 [INFO] CodeEngine:269 - Generated code: D:\BKU\Year 3\VXL-VDK\git3\lab3\Core\Src\stm32f1xx_it.c
2024-09-30 13:52:34,109 [INFO] CodeEngine:245 - oldGeneratedFile, D:\BKU\Year 3\VXL-VDK\git3\lab3\Core\Inc\stm32f1xx_it.h_save
2024-09-30 13:52:34,334 [INFO] CodeEngine:269 - Generated code: D:\BKU\Year 3\VXL-VDK\git3\lab3\Core\Inc\stm32f1xx_it.h
2024-09-30 13:52:34,391 [INFO] CodeEngine:245 - oldGeneratedFile, D:\BKU\Year 3\VXL-VDK\git3\lab3\Core\Src\stm32f1xx_hal_msp.c_save
2024-09-30 13:52:34,761 [INFO] CodeEngine:269 - Generated code: D:\BKU\Year 3\VXL-VDK\git3\lab3\Core\Src\stm32f1xx_hal_msp.c
2024-09-30 13:52:34,769 [INFO] CodeEngine:245 - oldGeneratedFile, D:\BKU\Year 3\VXL-VDK\git3\lab3\MXTmpFiles\system.tmp_save
2024-09-30 13:52:34,896 [INFO] CodeEngine:269 - Generated code: D:\BKU\Year 3\VXL-VDK\git3\lab3\MXTmpFiles\system.tmp
2024-09-30 13:52:34,907 [INFO] CodeEngine:245 - oldGeneratedFile, D:\BKU\Year 3\VXL-VDK\git3\lab3\Core\Inc\stm32f1xx_hal_conf.h_save
2024-09-30 13:52:35,044 [INFO] CodeEngine:269 - Generated code: D:\BKU\Year 3\VXL-VDK\git3\lab3\Core\Inc\stm32f1xx_hal_conf.h
2024-09-30 13:52:35,078 [WARN] IPConfigManager:3348 - IP not found : TIM
2024-09-30 13:52:35,079 [WARN] CodeGenerator:3567 - IP not found : null
2024-09-30 13:52:35,092 [INFO] CodeEngine:245 - oldGeneratedFile, D:\BKU\Year 3\VXL-VDK\git3\lab3\Core\Inc\main.h_save
2024-09-30 13:52:35,228 [INFO] CodeEngine:269 - Generated code: D:\BKU\Year 3\VXL-VDK\git3\lab3\Core\Inc\main.h
2024-09-30 13:52:35,236 [INFO] CodeEngine:245 - oldGeneratedFile, D:\BKU\Year 3\VXL-VDK\git3\lab3\Core\Src\main.c_save
2024-09-30 13:52:35,500 [INFO] CodeEngine:269 - Generated code: D:\BKU\Year 3\VXL-VDK\git3\lab3\Core\Src\main.c
2024-09-30 13:52:37,231 [INFO] ProjectBuilder:2919 - Time for Copy HAL[1] : 314mS.
2024-09-30 13:52:37,240 [INFO] ProjectBuilder:4117 - Project Generator version: 3.17.1
2024-09-30 13:52:38,422 [INFO] ConfigFileManager:1394 - The Die is : DIE412
2024-09-30 13:52:42,343 [INFO] ProjectBuilder:4285 - Time for Generating toolchain IDE Files: 5103mS.
2024-09-30 13:52:42,344 [INFO] ProjectBuilder:2790 - Time for Copy CMSIS : 1mS.
2024-09-30 13:52:42,347 [INFO] ProjectBuilder:2790 - Time for Copy CMSIS : 0mS.
2024-09-30 14:18:52,458 [INFO] UtilMem:74 - End SaveConfig() Used Memory: 919772696 Bytes (1073741824)
2024-09-30 14:18:53,322 [INFO] UtilMem:74 - End SaveConfig() Used Memory: 937663112 Bytes (1073741824)
2024-09-30 14:18:54,400 [INFO] UtilMem:74 - End SaveConfig() Used Memory: 676276376 Bytes (1073741824)
2024-09-30 14:18:54,967 [INFO] BlockDiagram:2753 - set Specific Code input for plugin: NVIC
2024-09-30 14:18:54,968 [INFO] BlockDiagram:2753 - set Specific Code input for plugin: GPIO
2024-09-30 14:18:54,968 [INFO] BlockDiagram:2753 - set Specific Code input for plugin: RCC
2024-09-30 14:18:54,968 [INFO] BlockDiagram:2753 - set Specific Code input for plugin: TIM1_8F1
2024-09-30 14:18:54,969 [INFO] CodeGenerator:690 - code generatio: config db path: D:\BKRA\KEIL C test\STM32CubeIDE_1.10.1\STM32CubeIDE\plugins\com.st.stm32cube.common.mx_6.6.1.202207061420\\db\
2024-09-30 14:18:55,329 [INFO] CodeEngine:245 - oldGeneratedFile, D:\BKU\Year 3\VXL-VDK\git3\lab3\MXTmpFiles\license.tmp_save
2024-09-30 14:18:55,462 [INFO] CodeEngine:269 - Generated code: D:\BKU\Year 3\VXL-VDK\git3\lab3\MXTmpFiles\license.tmp
2024-09-30 14:18:55,505 [INFO] CodeEngine:245 - oldGeneratedFile, D:\BKU\Year 3\VXL-VDK\git3\lab3\MXTmpFiles\gpio.tmp_save
2024-09-30 14:18:55,640 [INFO] CodeEngine:269 - Generated code: D:\BKU\Year 3\VXL-VDK\git3\lab3\MXTmpFiles\gpio.tmp
2024-09-30 14:18:55,846 [INFO] CodeEngine:245 - oldGeneratedFile, D:\BKU\Year 3\VXL-VDK\git3\lab3\Core\Src\stm32f1xx_it.c_save
2024-09-30 14:18:55,982 [INFO] CodeEngine:269 - Generated code: D:\BKU\Year 3\VXL-VDK\git3\lab3\Core\Src\stm32f1xx_it.c
2024-09-30 14:18:55,991 [INFO] CodeEngine:245 - oldGeneratedFile, D:\BKU\Year 3\VXL-VDK\git3\lab3\Core\Inc\stm32f1xx_it.h_save
2024-09-30 14:18:56,111 [INFO] CodeEngine:269 - Generated code: D:\BKU\Year 3\VXL-VDK\git3\lab3\Core\Inc\stm32f1xx_it.h
2024-09-30 14:18:56,154 [INFO] CodeEngine:245 - oldGeneratedFile, D:\BKU\Year 3\VXL-VDK\git3\lab3\Core\Src\stm32f1xx_hal_msp.c_save
2024-09-30 14:18:56,330 [INFO] CodeEngine:269 - Generated code: D:\BKU\Year 3\VXL-VDK\git3\lab3\Core\Src\stm32f1xx_hal_msp.c
2024-09-30 14:18:56,334 [INFO] CodeEngine:245 - oldGeneratedFile, D:\BKU\Year 3\VXL-VDK\git3\lab3\MXTmpFiles\system.tmp_save
2024-09-30 14:18:56,593 [INFO] CodeEngine:269 - Generated code: D:\BKU\Year 3\VXL-VDK\git3\lab3\MXTmpFiles\system.tmp
2024-09-30 14:18:56,602 [INFO] CodeEngine:245 - oldGeneratedFile, D:\BKU\Year 3\VXL-VDK\git3\lab3\Core\Inc\stm32f1xx_hal_conf.h_save
2024-09-30 14:18:56,826 [INFO] CodeEngine:269 - Generated code: D:\BKU\Year 3\VXL-VDK\git3\lab3\Core\Inc\stm32f1xx_hal_conf.h
2024-09-30 14:18:56,854 [WARN] IPConfigManager:3348 - IP not found : TIM
2024-09-30 14:18:56,855 [WARN] CodeGenerator:3567 - IP not found : null
2024-09-30 14:18:56,864 [INFO] CodeEngine:245 - oldGeneratedFile, D:\BKU\Year 3\VXL-VDK\git3\lab3\Core\Inc\main.h_save
2024-09-30 14:18:56,998 [INFO] CodeEngine:269 - Generated code: D:\BKU\Year 3\VXL-VDK\git3\lab3\Core\Inc\main.h
2024-09-30 14:18:57,006 [INFO] CodeEngine:245 - oldGeneratedFile, D:\BKU\Year 3\VXL-VDK\git3\lab3\Core\Src\main.c_save
2024-09-30 14:18:57,182 [INFO] CodeEngine:269 - Generated code: D:\BKU\Year 3\VXL-VDK\git3\lab3\Core\Src\main.c
2024-09-30 14:18:58,045 [INFO] ProjectBuilder:2919 - Time for Copy HAL[1] : 185mS.
2024-09-30 14:18:58,047 [INFO] ProjectBuilder:4117 - Project Generator version: 3.17.1
2024-09-30 14:18:58,627 [INFO] ConfigFileManager:1394 - The Die is : DIE412
2024-09-30 14:19:01,027 [INFO] ProjectBuilder:4285 - Time for Generating toolchain IDE Files: 2980mS.
2024-09-30 14:19:01,028 [INFO] ProjectBuilder:2790 - Time for Copy CMSIS : 1mS.
2024-09-30 14:19:01,030 [INFO] ProjectBuilder:2790 - Time for Copy CMSIS : 0mS.
